<?xml version="1.0" encoding="UTF-8"?>
<testsuite name="kr.hhplus.be.server.application.product.ProductFacadeIntegrationTest" tests="2" skipped="0" failures="0" errors="0" timestamp="2025-04-16T15:26:33" hostname="yeomseogcheon-ui-MacBookPro.local" time="1.536">
  <properties/>
  <testcase name="상품 전체 조회 테스트 - 상품이 존재하는 경우" classname="kr.hhplus.be.server.application.product.ProductFacadeIntegrationTest" time="1.488"/>
  <testcase name="상품 전체 조회 테스트" classname="kr.hhplus.be.server.application.product.ProductFacadeIntegrationTest" time="0.046"/>
  <system-out><![CDATA[15:26:09.356 [Test worker] INFO org.springframework.test.context.support.AnnotationConfigContextLoaderUtils -- Could not detect default configuration classes for test class [kr.hhplus.be.server.application.product.ProductFacadeIntegrationTest]: ProductFacadeIntegrationTest does not declare any static, non-private, non-final, nested classes annotated with @Configuration.
15:26:09.587 [Test worker] INFO org.springframework.boot.test.context.SpringBootTestContextBootstrapper -- Found @SpringBootConfiguration kr.hhplus.be.server.ServerApplication for test class kr.hhplus.be.server.application.product.ProductFacadeIntegrationTest

  .   ____          _            __ _ _
 /\\ / ___'_ __ _ _(_)_ __  __ _ \ \ \ \
( ( )\___ | '_ | '_| | '_ \/ _` | \ \ \ \
 \\/  ___)| |_)| | | | | || (_| |  ) ) ) )
  '  |____| .__|_| |_|_| |_\__, | / / / /
 =========|_|==============|___/=/_/_/_/

 :: Spring Boot ::                (v3.4.1)

2025-04-16T15:26:10.026Z  INFO 61175 --- [hhplus] [    Test worker] k.h.b.s.a.p.ProductFacadeIntegrationTest : Starting ProductFacadeIntegrationTest using Java 17.0.11 with PID 61175 (started by yeomseogcheon in /Users/yeomseogcheon/Documents/workspace/study/HangHae-TDD/server-java)
2025-04-16T15:26:10.028Z  INFO 61175 --- [hhplus] [    Test worker] k.h.b.s.a.p.ProductFacadeIntegrationTest : The following 1 profile is active: "local"
2025-04-16T15:26:10.909Z  INFO 61175 --- [hhplus] [    Test worker] .s.d.r.c.RepositoryConfigurationDelegate : Bootstrapping Spring Data JPA repositories in DEFAULT mode.
2025-04-16T15:26:10.997Z  INFO 61175 --- [hhplus] [    Test worker] .s.d.r.c.RepositoryConfigurationDelegate : Finished Spring Data repository scanning in 77 ms. Found 9 JPA repository interfaces.
2025-04-16T15:26:11.613Z  INFO 61175 --- [hhplus] [    Test worker] org.testcontainers.images.PullPolicy     : Image pull policy will be performed by: DefaultPullPolicy()
2025-04-16T15:26:11.617Z  INFO 61175 --- [hhplus] [    Test worker] o.t.utility.ImageNameSubstitutor         : Image name substitution will be performed by: DefaultImageNameSubstitutor (composite of 'ConfigurationFileImageNameSubstitutor' and 'PrefixingImageNameSubstitutor')
2025-04-16T15:26:11.632Z  INFO 61175 --- [hhplus] [    Test worker] org.testcontainers.DockerClientFactory   : Testcontainers version: 1.20.4
2025-04-16T15:26:11.847Z  INFO 61175 --- [hhplus] [    Test worker] o.t.d.DockerClientProviderStrategy       : Loaded org.testcontainers.dockerclient.UnixSocketClientProviderStrategy from ~/.testcontainers.properties, will try it first
2025-04-16T15:26:12.169Z  INFO 61175 --- [hhplus] [    Test worker] o.t.d.DockerClientProviderStrategy       : Found Docker environment with local Unix socket (unix:///var/run/docker.sock)
2025-04-16T15:26:12.171Z  INFO 61175 --- [hhplus] [    Test worker] org.testcontainers.DockerClientFactory   : Docker host IP address is localhost
2025-04-16T15:26:12.192Z  INFO 61175 --- [hhplus] [    Test worker] org.testcontainers.DockerClientFactory   : Connected to docker: 
  Server Version: 27.5.1
  API Version: 1.47
  Operating System: Docker Desktop
  Total Memory: 7838 MB
  Labels: 
    com.docker.desktop.address=unix:///Users/yeomseogcheon/Library/Containers/com.docker.docker/Data/docker-cli.sock
2025-04-16T15:26:12.218Z  INFO 61175 --- [hhplus] [    Test worker] tc.testcontainers/ryuk:0.11.0            : Creating container for image: testcontainers/ryuk:0.11.0
2025-04-16T15:26:12.377Z  INFO 61175 --- [hhplus] [    Test worker] o.t.utility.RegistryAuthLocator          : Credential helper/store (docker-credential-desktop) does not have credentials for https://index.docker.io/v1/
2025-04-16T15:26:12.482Z  INFO 61175 --- [hhplus] [    Test worker] tc.testcontainers/ryuk:0.11.0            : Container testcontainers/ryuk:0.11.0 is starting: 3cbdc330c3af56c82170071449927eac8fbe615ec865a1dd1e39c7e21fc85972
2025-04-16T15:26:13.006Z  INFO 61175 --- [hhplus] [    Test worker] tc.testcontainers/ryuk:0.11.0            : Container testcontainers/ryuk:0.11.0 started in PT0.788006S
2025-04-16T15:26:13.017Z  INFO 61175 --- [hhplus] [    Test worker] o.t.utility.RyukResourceReaper           : Ryuk started - will monitor and terminate Testcontainers containers on JVM exit
2025-04-16T15:26:13.017Z  INFO 61175 --- [hhplus] [    Test worker] org.testcontainers.DockerClientFactory   : Checking the system...
2025-04-16T15:26:13.018Z  INFO 61175 --- [hhplus] [    Test worker] org.testcontainers.DockerClientFactory   : ✔︎ Docker server version should be at least 1.6.0
2025-04-16T15:26:13.022Z  INFO 61175 --- [hhplus] [    Test worker] tc.mysql:8.0                             : Creating container for image: mysql:8.0
2025-04-16T15:26:13.126Z  INFO 61175 --- [hhplus] [    Test worker] tc.mysql:8.0                             : Container mysql:8.0 is starting: 0e04a90a2a84e7fa98a7ad7d9476446065a18fe0abde04eb7c121f5aed02f180
2025-04-16T15:26:13.575Z  INFO 61175 --- [hhplus] [    Test worker] tc.mysql:8.0                             : Waiting for database connection to become available at jdbc:mysql://localhost:55572/hhplus using query 'SELECT 1'
2025-04-16T15:26:26.637Z  INFO 61175 --- [hhplus] [    Test worker] tc.mysql:8.0                             : Container mysql:8.0 started in PT13.614805S
2025-04-16T15:26:26.638Z  INFO 61175 --- [hhplus] [    Test worker] tc.mysql:8.0                             : Container is started (JDBC URL: jdbc:mysql://localhost:55572/hhplus)
2025-04-16T15:26:27.241Z  INFO 61175 --- [hhplus] [    Test worker] o.hibernate.jpa.internal.util.LogHelper  : HHH000204: Processing PersistenceUnitInfo [name: default]
2025-04-16T15:26:27.291Z  INFO 61175 --- [hhplus] [    Test worker] org.hibernate.Version                    : HHH000412: Hibernate ORM core version 6.6.4.Final
2025-04-16T15:26:27.322Z  INFO 61175 --- [hhplus] [    Test worker] o.h.c.internal.RegionFactoryInitiator    : HHH000026: Second-level cache disabled
2025-04-16T15:26:27.592Z  INFO 61175 --- [hhplus] [    Test worker] o.s.o.j.p.SpringPersistenceUnitInfo      : No LoadTimeWeaver setup: ignoring JPA class transformer
2025-04-16T15:26:27.618Z  INFO 61175 --- [hhplus] [    Test worker] com.zaxxer.hikari.HikariDataSource       : HangHaePlusDataSource - Starting...
2025-04-16T15:26:27.760Z  INFO 61175 --- [hhplus] [    Test worker] com.zaxxer.hikari.pool.HikariPool        : HangHaePlusDataSource - Added connection com.mysql.cj.jdbc.ConnectionImpl@6bf70600
2025-04-16T15:26:27.761Z  INFO 61175 --- [hhplus] [    Test worker] com.zaxxer.hikari.HikariDataSource       : HangHaePlusDataSource - Start completed.
2025-04-16T15:26:27.792Z  WARN 61175 --- [hhplus] [    Test worker] org.hibernate.orm.deprecation            : HHH90000025: MySQL8Dialect does not need to be specified explicitly using 'hibernate.dialect' (remove the property setting and it will be selected by default)
2025-04-16T15:26:27.793Z  WARN 61175 --- [hhplus] [    Test worker] org.hibernate.orm.deprecation            : HHH90000026: MySQL8Dialect has been deprecated; use org.hibernate.dialect.MySQLDialect instead
2025-04-16T15:26:27.809Z  INFO 61175 --- [hhplus] [    Test worker] org.hibernate.orm.connections.pooling    : HHH10001005: Database info:
	Database JDBC URL [Connecting through datasource 'HikariDataSource (HangHaePlusDataSource)']
	Database driver: undefined/unknown
	Database version: 8.0
	Autocommit mode: undefined/unknown
	Isolation level: undefined/unknown
	Minimum pool size: undefined/unknown
	Maximum pool size: undefined/unknown
2025-04-16T15:26:28.929Z  INFO 61175 --- [hhplus] [    Test worker] o.h.e.t.j.p.i.JtaPlatformInitiator       : HHH000489: No JTA platform available (set 'hibernate.transaction.jta.platform' to enable JTA platform integration)
2025-04-16T15:26:29.343Z  INFO 61175 --- [hhplus] [    Test worker] j.LocalContainerEntityManagerFactoryBean : Initialized JPA EntityManagerFactory for persistence unit 'default'
2025-04-16T15:26:29.719Z  INFO 61175 --- [hhplus] [    Test worker] o.s.d.j.r.query.QueryEnhancerFactory     : Hibernate is in classpath; If applicable, HQL parser will be used.
2025-04-16T15:26:30.794Z  INFO 61175 --- [hhplus] [    Test worker] org.quartz.impl.StdSchedulerFactory      : Using default implementation for ThreadExecutor
2025-04-16T15:26:30.796Z  INFO 61175 --- [hhplus] [    Test worker] org.quartz.simpl.SimpleThreadPool        : Job execution threads will use class loader of thread: Test worker
2025-04-16T15:26:30.807Z  INFO 61175 --- [hhplus] [    Test worker] org.quartz.core.SchedulerSignalerImpl    : Initialized Scheduler Signaller of type: class org.quartz.core.SchedulerSignalerImpl
2025-04-16T15:26:30.807Z  INFO 61175 --- [hhplus] [    Test worker] org.quartz.core.QuartzScheduler          : Quartz Scheduler v.2.3.2 created.
2025-04-16T15:26:30.808Z  INFO 61175 --- [hhplus] [    Test worker] org.quartz.simpl.RAMJobStore             : RAMJobStore initialized.
2025-04-16T15:26:30.809Z  INFO 61175 --- [hhplus] [    Test worker] org.quartz.core.QuartzScheduler          : Scheduler meta-data: Quartz Scheduler (v2.3.2) 'DefaultQuartzScheduler' with instanceId 'NON_CLUSTERED'
  Scheduler class: 'org.quartz.core.QuartzScheduler' - running locally.
  NOT STARTED.
  Currently in standby mode.
  Number of jobs executed: 0
  Using thread pool 'org.quartz.simpl.SimpleThreadPool' - with 10 threads.
  Using job-store 'org.quartz.simpl.RAMJobStore' - which does not support persistence. and is not clustered.

2025-04-16T15:26:30.809Z  INFO 61175 --- [hhplus] [    Test worker] org.quartz.impl.StdSchedulerFactory      : Quartz scheduler 'DefaultQuartzScheduler' initialized from default resource file in Quartz package: 'quartz.properties'
2025-04-16T15:26:30.809Z  INFO 61175 --- [hhplus] [    Test worker] org.quartz.impl.StdSchedulerFactory      : Quartz scheduler version: 2.3.2
2025-04-16T15:26:30.809Z  INFO 61175 --- [hhplus] [    Test worker] org.quartz.core.QuartzScheduler          : Scheduler DefaultQuartzScheduler_$_NON_CLUSTERED started.
2025-04-16T15:26:31.455Z  INFO 61175 --- [hhplus] [    Test worker] o.s.v.b.OptionalValidatorFactoryBean     : Failed to set up a Bean Validation provider: jakarta.validation.NoProviderFoundException: Unable to create a Configuration, because no Jakarta Bean Validation provider could be found. Add a provider like Hibernate Validator (RI) to your classpath.
2025-04-16T15:26:33.515Z  INFO 61175 --- [hhplus] [    Test worker] org.quartz.impl.StdSchedulerFactory      : Using default implementation for ThreadExecutor
2025-04-16T15:26:33.518Z  INFO 61175 --- [hhplus] [    Test worker] org.quartz.core.SchedulerSignalerImpl    : Initialized Scheduler Signaller of type: class org.quartz.core.SchedulerSignalerImpl
2025-04-16T15:26:33.518Z  INFO 61175 --- [hhplus] [    Test worker] org.quartz.core.QuartzScheduler          : Quartz Scheduler v.2.3.2 created.
2025-04-16T15:26:33.518Z  INFO 61175 --- [hhplus] [    Test worker] org.quartz.simpl.RAMJobStore             : RAMJobStore initialized.
2025-04-16T15:26:33.518Z  INFO 61175 --- [hhplus] [    Test worker] org.quartz.core.QuartzScheduler          : Scheduler meta-data: Quartz Scheduler (v2.3.2) 'quartzScheduler' with instanceId 'NON_CLUSTERED'
  Scheduler class: 'org.quartz.core.QuartzScheduler' - running locally.
  NOT STARTED.
  Currently in standby mode.
  Number of jobs executed: 0
  Using thread pool 'org.quartz.simpl.SimpleThreadPool' - with 10 threads.
  Using job-store 'org.quartz.simpl.RAMJobStore' - which does not support persistence. and is not clustered.

2025-04-16T15:26:33.519Z  INFO 61175 --- [hhplus] [    Test worker] org.quartz.impl.StdSchedulerFactory      : Quartz scheduler 'quartzScheduler' initialized from an externally provided properties instance.
2025-04-16T15:26:33.519Z  INFO 61175 --- [hhplus] [    Test worker] org.quartz.impl.StdSchedulerFactory      : Quartz scheduler version: 2.3.2
2025-04-16T15:26:33.519Z  INFO 61175 --- [hhplus] [    Test worker] org.quartz.core.QuartzScheduler          : JobFactory set to: org.springframework.scheduling.quartz.SpringBeanJobFactory@7500a106
2025-04-16T15:26:33.590Z  INFO 61175 --- [hhplus] [    Test worker] o.s.b.a.e.web.EndpointLinksResolver      : Exposing 1 endpoint beneath base path '/actuator'
2025-04-16T15:26:33.702Z  INFO 61175 --- [hhplus] [    Test worker] o.s.s.quartz.SchedulerFactoryBean        : Starting Quartz Scheduler now
2025-04-16T15:26:33.702Z  INFO 61175 --- [hhplus] [    Test worker] org.quartz.core.QuartzScheduler          : Scheduler quartzScheduler_$_NON_CLUSTERED started.
2025-04-16T15:26:33.728Z  INFO 61175 --- [hhplus] [    Test worker] k.h.b.s.a.p.ProductFacadeIntegrationTest : Started ProductFacadeIntegrationTest in 24.005 seconds (process running for 25.295)
]]></system-out>
  <system-err><![CDATA[]]></system-err>
</testsuite>
