<?xml version="1.0" encoding="UTF-8"?>
<testsuite name="kr.hhplus.be.server.domain.product.ProductServiceTest" tests="1" skipped="0" failures="0" errors="0" timestamp="2025-04-13T09:09:01" hostname="yeomseogcheon-ui-MacBookPro.local" time="1.205">
  <properties/>
  <testcase name="상품이 존재하지 않을 경우 ApiException(PRODUCT_NOT_FOUND)을 발생시킨다." classname="kr.hhplus.be.server.domain.product.ProductServiceTest" time="1.205"/>
  <system-out><![CDATA[]]></system-out>
  <system-err><![CDATA[]]></system-err>
</testsuite>
