<?xml version="1.0" encoding="UTF-8"?>
<testsuite name="kr.hhplus.be.server.domain.order.OrdersTest" tests="1" skipped="0" failures="0" errors="0" timestamp="2025-04-13T13:16:46" hostname="yeomseogcheon-ui-MacBookPro.local" time="1.272">
  <properties/>
  <testcase name="적용된 쿠폰이 존재할 경우 ApiException(ORDER_ALREADY_COUPON_APPLIED) 예외가 발생한다." classname="kr.hhplus.be.server.domain.order.OrdersTest" time="1.272"/>
  <system-out><![CDATA[]]></system-out>
  <system-err><![CDATA[]]></system-err>
</testsuite>
