<?xml version="1.0" encoding="UTF-8"?>
<testsuite name="kr.hhplus.be.server.domain.order.OrderServiceTest" tests="1" skipped="0" failures="0" errors="0" timestamp="2025-04-10T11:16:01" hostname="yeomseogcheon-ui-MacBookPro.local" time="1.076">
  <properties/>
  <testcase name="주문 취소 시 주문이 존재하지 않으면 OrderNotExistError 예외를 발생시킨다." classname="kr.hhplus.be.server.domain.order.OrderServiceTest" time="1.076"/>
  <system-out><![CDATA[]]></system-out>
  <system-err><![CDATA[]]></system-err>
</testsuite>
