<?xml version="1.0" encoding="UTF-8"?>
<testsuite name="kr.hhplus.be.server.domain.point.PointTest" tests="5" skipped="0" failures="0" errors="0" timestamp="2025-04-12T07:29:35" hostname="yeomseogcheon-ui-MacBookPro.local" time="0.013">
  <properties/>
  <testcase name="포인트 충전 시, 충전금액이 1_000_000이하이며, 잔고가 5_000_000을 초과하지 않으면 충전에 성공한다." classname="kr.hhplus.be.server.domain.point.PointTest" time="0.001"/>
  <testcase name="포인트 충전 시, 잔고가 5_000_000을 초과하면 ExceedMaxBalanceError가 발생한다." classname="kr.hhplus.be.server.domain.point.PointTest" time="0.002"/>
  <testcase name="포인트 사용 시, 잔고가 부족하면 InsufficientBalanceError가 발생한다." classname="kr.hhplus.be.server.domain.point.PointTest" time="0.002"/>
  <testcase name="포인트 사용 시, 잔고가 사용 금액보다 많거나 같으면 사용에 성공한다." classname="kr.hhplus.be.server.domain.point.PointTest" time="0.002"/>
  <testcase name="포인트 충전 시, 충전금액이 1_000_000을 초과하면 InvalidChargeAmountError가 발생한다." classname="kr.hhplus.be.server.domain.point.PointTest" time="0.001"/>
  <system-out><![CDATA[]]></system-out>
  <system-err><![CDATA[]]></system-err>
</testsuite>
