<?xml version="1.0" encoding="UTF-8"?>
<testsuite name="kr.hhplus.be.server.domain.point.PointTest" tests="5" skipped="0" failures="0" errors="0" timestamp="2025-04-13T06:12:13" hostname="yeomseogcheon-ui-MacBookPro.local" time="0.243">
  <properties/>
  <testcase name="포인트 충전 시 포인트 충전 금액이 1_000_000원을 초과할 경우 ApiException(EXCEED_CHARGE_LIMIT)을 발생시킨다." classname="kr.hhplus.be.server.domain.point.PointTest" time="0.222"/>
  <testcase name="포인트 충전 시, 포인트 잔액이 증가하고 포인트 충전 내역을 생성한다." classname="kr.hhplus.be.server.domain.point.PointTest" time="0.002"/>
  <testcase name="포인트 사용 시, 포인트 잔액이 감소하고 포인트 사용 내역이 생성된다." classname="kr.hhplus.be.server.domain.point.PointTest" time="0.004"/>
  <testcase name="포인트 사용 시 포인트 사용 후 금액이 0원 미만일 경우 ApiException(UNDER_BALANCE_LIMIT)을 발생시킨다." classname="kr.hhplus.be.server.domain.point.PointTest" time="0.005"/>
  <testcase name="포인트 충전 시 충전 후 포인트 잔액이 5_000_000원을 초과할 경우 ApiException(EXCEED_BALANCE_LIMIT)을 발생시킨다." classname="kr.hhplus.be.server.domain.point.PointTest" time="0.005"/>
  <system-out><![CDATA[]]></system-out>
  <system-err><![CDATA[]]></system-err>
</testsuite>
