<?xml version="1.0" encoding="UTF-8"?>
<testsuite name="kr.hhplus.be.server.application.coupon.CouponFacadeConcurrencyTest" tests="1" skipped="0" failures="1" errors="0" timestamp="2025-04-20T04:06:08" hostname="yeomseogcheon-ui-MacBookPro.local" time="0.033">
  <properties/>
  <testcase name="여러 스레드에서 동시에 쿠폰 발급 요청 시 재고관리가 정확하게 되며, 발급되어야 한다." classname="kr.hhplus.be.server.application.coupon.CouponFacadeConcurrencyTest" time="0.033">
    <failure message="org.springframework.dao.DataIntegrityViolationException: could not execute statement [Cannot delete or update a parent row: a foreign key constraint fails (`hhplus`.`user_coupon`, CONSTRAINT `FK23vpkw483hhbe77dgvimcipf4` FOREIGN KEY (`coupon_id`) REFERENCES `coupon` (`id`))] [delete from coupon where id=?]; SQL [delete from coupon where id=?]; constraint [null]" type="org.springframework.dao.DataIntegrityViolationException">org.springframework.dao.DataIntegrityViolationException: could not execute statement [Cannot delete or update a parent row: a foreign key constraint fails (`hhplus`.`user_coupon`, CONSTRAINT `FK23vpkw483hhbe77dgvimcipf4` FOREIGN KEY (`coupon_id`) REFERENCES `coupon` (`id`))] [delete from coupon where id=?]; SQL [delete from coupon where id=?]; constraint [null]
	at app//org.springframework.orm.jpa.vendor.HibernateJpaDialect.convertHibernateAccessException(HibernateJpaDialect.java:290)
	at app//org.springframework.orm.jpa.vendor.HibernateJpaDialect.translateExceptionIfPossible(HibernateJpaDialect.java:241)
	at app//org.springframework.orm.jpa.JpaTransactionManager.doCommit(JpaTransactionManager.java:566)
	at app//org.springframework.transaction.support.AbstractPlatformTransactionManager.processCommit(AbstractPlatformTransactionManager.java:795)
	at app//org.springframework.transaction.support.AbstractPlatformTransactionManager.commit(AbstractPlatformTransactionManager.java:758)
	at app//org.springframework.transaction.interceptor.TransactionAspectSupport.commitTransactionAfterReturning(TransactionAspectSupport.java:698)
	at app//org.springframework.transaction.interceptor.TransactionAspectSupport.invokeWithinTransaction(TransactionAspectSupport.java:416)
	at app//org.springframework.transaction.interceptor.TransactionInterceptor.invoke(TransactionInterceptor.java:119)
	at app//org.springframework.aop.framework.ReflectiveMethodInvocation.proceed(ReflectiveMethodInvocation.java:184)
	at app//org.springframework.dao.support.PersistenceExceptionTranslationInterceptor.invoke(PersistenceExceptionTranslationInterceptor.java:138)
	at app//org.springframework.aop.framework.ReflectiveMethodInvocation.proceed(ReflectiveMethodInvocation.java:184)
	at app//org.springframework.data.jpa.repository.support.CrudMethodMetadataPostProcessor$CrudMethodMetadataPopulatingMethodInterceptor.invoke(CrudMethodMetadataPostProcessor.java:165)
	at app//org.springframework.aop.framework.ReflectiveMethodInvocation.proceed(ReflectiveMethodInvocation.java:184)
	at app//org.springframework.aop.framework.JdkDynamicAopProxy.invoke(JdkDynamicAopProxy.java:223)
	at app/jdk.proxy3/jdk.proxy3.$Proxy185.deleteAll(Unknown Source)
	at app//kr.hhplus.be.server.application.coupon.CouponFacadeConcurrencyTest.tearDown(CouponFacadeConcurrencyTest.java:33)
	at java.base@17.0.11/java.lang.reflect.Method.invoke(Method.java:568)
	at java.base@17.0.11/java.util.ArrayList.forEach(ArrayList.java:1511)
	at java.base@17.0.11/java.util.ArrayList.forEach(ArrayList.java:1511)
Caused by: org.hibernate.exception.ConstraintViolationException: could not execute statement [Cannot delete or update a parent row: a foreign key constraint fails (`hhplus`.`user_coupon`, CONSTRAINT `FK23vpkw483hhbe77dgvimcipf4` FOREIGN KEY (`coupon_id`) REFERENCES `coupon` (`id`))] [delete from coupon where id=?]
	at app//org.hibernate.exception.internal.SQLExceptionTypeDelegate.convert(SQLExceptionTypeDelegate.java:62)
	at app//org.hibernate.exception.internal.StandardSQLExceptionConverter.convert(StandardSQLExceptionConverter.java:58)
	at app//org.hibernate.engine.jdbc.spi.SqlExceptionHelper.convert(SqlExceptionHelper.java:108)
	at app//org.hibernate.engine.jdbc.internal.ResultSetReturnImpl.executeUpdate(ResultSetReturnImpl.java:197)
	at app//org.hibernate.engine.jdbc.mutation.internal.AbstractMutationExecutor.performNonBatchedMutation(AbstractMutationExecutor.java:134)
	at app//org.hibernate.engine.jdbc.mutation.internal.MutationExecutorSingleNonBatched.performNonBatchedOperations(MutationExecutorSingleNonBatched.java:55)
	at app//org.hibernate.engine.jdbc.mutation.internal.AbstractMutationExecutor.execute(AbstractMutationExecutor.java:55)
	at app//org.hibernate.persister.entity.mutation.AbstractDeleteCoordinator.doStaticDelete(AbstractDeleteCoordinator.java:279)
	at app//org.hibernate.persister.entity.mutation.AbstractDeleteCoordinator.delete(AbstractDeleteCoordinator.java:87)
	at app//org.hibernate.action.internal.EntityDeleteAction.execute(EntityDeleteAction.java:131)
	at app//org.hibernate.engine.spi.ActionQueue.executeActions(ActionQueue.java:644)
	at app//org.hibernate.engine.spi.ActionQueue.executeActions(ActionQueue.java:511)
	at app//org.hibernate.event.internal.AbstractFlushingEventListener.performExecutions(AbstractFlushingEventListener.java:414)
	at app//org.hibernate.event.internal.DefaultFlushEventListener.onFlush(DefaultFlushEventListener.java:41)
	at app//org.hibernate.event.service.internal.EventListenerGroupImpl.fireEventOnEachListener(EventListenerGroupImpl.java:127)
	at app//org.hibernate.internal.SessionImpl.doFlush(SessionImpl.java:1429)
	at app//org.hibernate.internal.SessionImpl.managedFlush(SessionImpl.java:491)
	at app//org.hibernate.internal.SessionImpl.flushBeforeTransactionCompletion(SessionImpl.java:2354)
	at app//org.hibernate.internal.SessionImpl.beforeTransactionCompletion(SessionImpl.java:1978)
	at app//org.hibernate.engine.jdbc.internal.JdbcCoordinatorImpl.beforeTransactionCompletion(JdbcCoordinatorImpl.java:439)
	at app//org.hibernate.resource.transaction.backend.jdbc.internal.JdbcResourceLocalTransactionCoordinatorImpl.beforeCompletionCallback(JdbcResourceLocalTransactionCoordinatorImpl.java:169)
	at app//org.hibernate.resource.transaction.backend.jdbc.internal.JdbcResourceLocalTransactionCoordinatorImpl$TransactionDriverControlImpl.commit(JdbcResourceLocalTransactionCoordinatorImpl.java:267)
	at app//org.hibernate.engine.transaction.internal.TransactionImpl.commit(TransactionImpl.java:101)
	at app//org.springframework.orm.jpa.JpaTransactionManager.doCommit(JpaTransactionManager.java:562)
	... 16 more
Caused by: java.sql.SQLIntegrityConstraintViolationException: Cannot delete or update a parent row: a foreign key constraint fails (`hhplus`.`user_coupon`, CONSTRAINT `FK23vpkw483hhbe77dgvimcipf4` FOREIGN KEY (`coupon_id`) REFERENCES `coupon` (`id`))
	at com.mysql.cj.jdbc.exceptions.SQLError.createSQLException(SQLError.java:109)
	at com.mysql.cj.jdbc.exceptions.SQLExceptionsMapping.translateException(SQLExceptionsMapping.java:114)
	at com.mysql.cj.jdbc.ClientPreparedStatement.executeInternal(ClientPreparedStatement.java:988)
	at com.mysql.cj.jdbc.ClientPreparedStatement.executeUpdateInternal(ClientPreparedStatement.java:1166)
	at com.mysql.cj.jdbc.ClientPreparedStatement.executeUpdateInternal(ClientPreparedStatement.java:1101)
	at com.mysql.cj.jdbc.ClientPreparedStatement.executeLargeUpdate(ClientPreparedStatement.java:1467)
	at com.mysql.cj.jdbc.ClientPreparedStatement.executeUpdate(ClientPreparedStatement.java:1084)
	at com.zaxxer.hikari.pool.ProxyPreparedStatement.executeUpdate(ProxyPreparedStatement.java:61)
	at com.zaxxer.hikari.pool.HikariProxyPreparedStatement.executeUpdate(HikariProxyPreparedStatement.java)
	at org.hibernate.engine.jdbc.internal.ResultSetReturnImpl.executeUpdate(ResultSetReturnImpl.java:194)
	... 36 more
</failure>
  </testcase>
  <system-out><![CDATA[2025-04-20T04:06:08.741Z  INFO 73903 --- [hhplus] [    Test worker] t.c.s.AnnotationConfigContextLoaderUtils : Could not detect default configuration classes for test class [kr.hhplus.be.server.application.coupon.CouponFacadeConcurrencyTest]: CouponFacadeConcurrencyTest does not declare any static, non-private, non-final, nested classes annotated with @Configuration.
2025-04-20T04:06:08.769Z  INFO 73903 --- [hhplus] [    Test worker] .b.t.c.SpringBootTestContextBootstrapper : Found @SpringBootConfiguration kr.hhplus.be.server.ServerApplication for test class kr.hhplus.be.server.application.coupon.CouponFacadeConcurrencyTest
2025-04-20T04:06:08.792Z  WARN 73903 --- [hhplus] [    Test worker] o.h.engine.jdbc.spi.SqlExceptionHelper   : SQL Error: 1451, SQLState: 23000
2025-04-20T04:06:08.792Z ERROR 73903 --- [hhplus] [    Test worker] o.h.engine.jdbc.spi.SqlExceptionHelper   : Cannot delete or update a parent row: a foreign key constraint fails (`hhplus`.`user_coupon`, CONSTRAINT `FK23vpkw483hhbe77dgvimcipf4` FOREIGN KEY (`coupon_id`) REFERENCES `coupon` (`id`))
]]></system-out>
  <system-err><![CDATA[]]></system-err>
</testsuite>
