<?xml version="1.0" encoding="UTF-8"?>
<testsuite name="kr.hhplus.be.server.domain.point.PointServiceTest" tests="1" skipped="0" failures="1" errors="0" timestamp="2025-04-06T14:08:33" hostname="yeomseogcheon-ui-MacBookPro.local" time="0.753">
  <properties/>
  <testcase name="포인트 조회 시, 유효한 사용자 ID를 받으면 사용자 포인트 잔고를 반환한다." classname="kr.hhplus.be.server.domain.point.PointServiceTest" time="0.753">
    <failure message="java.lang.NullPointerException: Cannot invoke &quot;kr.hhplus.be.server.domain.point.PointRepository.findByUserId(long)&quot; because &quot;this.pointRepository&quot; is null" type="java.lang.NullPointerException">java.lang.NullPointerException: Cannot invoke &quot;kr.hhplus.be.server.domain.point.PointRepository.findByUserId(long)&quot; because &quot;this.pointRepository&quot; is null
	at kr.hhplus.be.server.domain.point.PointServiceTest.getPointByUserId(PointServiceTest.java:30)
	at java.base/java.lang.reflect.Method.invoke(Method.java:568)
	at java.base/java.util.ArrayList.forEach(ArrayList.java:1511)
	at java.base/java.util.ArrayList.forEach(ArrayList.java:1511)
</failure>
  </testcase>
  <system-out><![CDATA[]]></system-out>
  <system-err><![CDATA[]]></system-err>
</testsuite>
