<?xml version="1.0" encoding="UTF-8"?>
<testsuite name="kr.hhplus.be.server.application.order.OrderFacadeIntegrationTest" tests="4" skipped="0" failures="0" errors="0" timestamp="2025-04-20T04:24:10" hostname="yeomseogcheon-ui-MacBookPro.local" time="0.307">
  <properties/>
  <testcase name="쿠폰을 사용하지 않고 충분한 재고가 있는 상품을 주문 시, 주문에 성공한다." classname="kr.hhplus.be.server.application.order.OrderFacadeIntegrationTest" time="0.078"/>
  <testcase name="쿠폰이 사용된 주문 취소 시, 주문의 상태가 PENDING이면 주문을 취소하고 상품 재고와 쿠폰 사용 여부를 복구한다." classname="kr.hhplus.be.server.application.order.OrderFacadeIntegrationTest" time="0.093"/>
  <testcase name="쿠폰을 사용하고 충분한 재고가 있는 상품을 주문 시, 주문에 성공한다." classname="kr.hhplus.be.server.application.order.OrderFacadeIntegrationTest" time="0.069"/>
  <testcase name="쿠폰이 사용되지 않은 주문 취소 시, 주문의 상태가 PENDING이면 주문을 취소하고 상품 재고를 복구한다." classname="kr.hhplus.be.server.application.order.OrderFacadeIntegrationTest" time="0.063"/>
  <system-out><![CDATA[2025-04-20T04:24:10.847Z  INFO 75376 --- [hhplus] [    Test worker] t.c.s.AnnotationConfigContextLoaderUtils : Could not detect default configuration classes for test class [kr.hhplus.be.server.application.order.OrderFacadeIntegrationTest]: OrderFacadeIntegrationTest does not declare any static, non-private, non-final, nested classes annotated with @Configuration.
2025-04-20T04:24:10.851Z  INFO 75376 --- [hhplus] [    Test worker] .b.t.c.SpringBootTestContextBootstrapper : Found @SpringBootConfiguration kr.hhplus.be.server.ServerApplication for test class kr.hhplus.be.server.application.order.OrderFacadeIntegrationTest
2025-04-20T04:24:10.932Z ERROR 75376 --- [hhplus] [eduler_Worker-1] org.quartz.core.JobRunShell              : Job cancelOrderJob.4ce66e5f-8c3a-4095-99dc-595c13405885 threw an unhandled Exception: 

java.lang.NullPointerException: Cannot invoke "org.springframework.web.context.WebApplicationContext.getBean(String)" because "appContext" is null
	at kr.hhplus.be.server.infrastructure.order.CancelOrderJob.executeInternal(CancelOrderJob.java:16) ~[main/:na]
	at org.springframework.scheduling.quartz.QuartzJobBean.execute(QuartzJobBean.java:75) ~[spring-context-support-6.2.1.jar:6.2.1]
	at org.quartz.core.JobRunShell.run(JobRunShell.java:202) ~[quartz-2.3.2.jar:na]
	at org.quartz.simpl.SimpleThreadPool$WorkerThread.run(SimpleThreadPool.java:573) ~[quartz-2.3.2.jar:na]

2025-04-20T04:24:10.938Z ERROR 75376 --- [hhplus] [eduler_Worker-1] org.quartz.core.ErrorLogger              : Job (cancelOrderJob.4ce66e5f-8c3a-4095-99dc-595c13405885 threw an exception.

org.quartz.SchedulerException: Job threw an unhandled exception.
	at org.quartz.core.JobRunShell.run(JobRunShell.java:213) ~[quartz-2.3.2.jar:na]
	at org.quartz.simpl.SimpleThreadPool$WorkerThread.run(SimpleThreadPool.java:573) ~[quartz-2.3.2.jar:na]
Caused by: java.lang.NullPointerException: Cannot invoke "org.springframework.web.context.WebApplicationContext.getBean(String)" because "appContext" is null
	at kr.hhplus.be.server.infrastructure.order.CancelOrderJob.executeInternal(CancelOrderJob.java:16) ~[main/:na]
	at org.springframework.scheduling.quartz.QuartzJobBean.execute(QuartzJobBean.java:75) ~[spring-context-support-6.2.1.jar:6.2.1]
	at org.quartz.core.JobRunShell.run(JobRunShell.java:202) ~[quartz-2.3.2.jar:na]
	... 1 common frames omitted

2025-04-20T04:24:11.005Z ERROR 75376 --- [hhplus] [eduler_Worker-2] org.quartz.core.JobRunShell              : Job cancelOrderJob.5ec6508b-acad-4b6d-bf15-cfd2d4e791bb threw an unhandled Exception: 

java.lang.NullPointerException: Cannot invoke "org.springframework.web.context.WebApplicationContext.getBean(String)" because "appContext" is null
	at kr.hhplus.be.server.infrastructure.order.CancelOrderJob.executeInternal(CancelOrderJob.java:16) ~[main/:na]
	at org.springframework.scheduling.quartz.QuartzJobBean.execute(QuartzJobBean.java:75) ~[spring-context-support-6.2.1.jar:6.2.1]
	at org.quartz.core.JobRunShell.run(JobRunShell.java:202) ~[quartz-2.3.2.jar:na]
	at org.quartz.simpl.SimpleThreadPool$WorkerThread.run(SimpleThreadPool.java:573) ~[quartz-2.3.2.jar:na]

2025-04-20T04:24:11.006Z ERROR 75376 --- [hhplus] [eduler_Worker-2] org.quartz.core.ErrorLogger              : Job (cancelOrderJob.5ec6508b-acad-4b6d-bf15-cfd2d4e791bb threw an exception.

org.quartz.SchedulerException: Job threw an unhandled exception.
	at org.quartz.core.JobRunShell.run(JobRunShell.java:213) ~[quartz-2.3.2.jar:na]
	at org.quartz.simpl.SimpleThreadPool$WorkerThread.run(SimpleThreadPool.java:573) ~[quartz-2.3.2.jar:na]
Caused by: java.lang.NullPointerException: Cannot invoke "org.springframework.web.context.WebApplicationContext.getBean(String)" because "appContext" is null
	at kr.hhplus.be.server.infrastructure.order.CancelOrderJob.executeInternal(CancelOrderJob.java:16) ~[main/:na]
	at org.springframework.scheduling.quartz.QuartzJobBean.execute(QuartzJobBean.java:75) ~[spring-context-support-6.2.1.jar:6.2.1]
	at org.quartz.core.JobRunShell.run(JobRunShell.java:202) ~[quartz-2.3.2.jar:na]
	... 1 common frames omitted

2025-04-20T04:24:11.084Z ERROR 75376 --- [hhplus] [eduler_Worker-3] org.quartz.core.JobRunShell              : Job cancelOrderJob.2979d074-bd8f-4925-a9d5-670312de5cf8 threw an unhandled Exception: 

java.lang.NullPointerException: Cannot invoke "org.springframework.web.context.WebApplicationContext.getBean(String)" because "appContext" is null
	at kr.hhplus.be.server.infrastructure.order.CancelOrderJob.executeInternal(CancelOrderJob.java:16) ~[main/:na]
	at org.springframework.scheduling.quartz.QuartzJobBean.execute(QuartzJobBean.java:75) ~[spring-context-support-6.2.1.jar:6.2.1]
	at org.quartz.core.JobRunShell.run(JobRunShell.java:202) ~[quartz-2.3.2.jar:na]
	at org.quartz.simpl.SimpleThreadPool$WorkerThread.run(SimpleThreadPool.java:573) ~[quartz-2.3.2.jar:na]

2025-04-20T04:24:11.085Z ERROR 75376 --- [hhplus] [eduler_Worker-3] org.quartz.core.ErrorLogger              : Job (cancelOrderJob.2979d074-bd8f-4925-a9d5-670312de5cf8 threw an exception.

org.quartz.SchedulerException: Job threw an unhandled exception.
	at org.quartz.core.JobRunShell.run(JobRunShell.java:213) ~[quartz-2.3.2.jar:na]
	at org.quartz.simpl.SimpleThreadPool$WorkerThread.run(SimpleThreadPool.java:573) ~[quartz-2.3.2.jar:na]
Caused by: java.lang.NullPointerException: Cannot invoke "org.springframework.web.context.WebApplicationContext.getBean(String)" because "appContext" is null
	at kr.hhplus.be.server.infrastructure.order.CancelOrderJob.executeInternal(CancelOrderJob.java:16) ~[main/:na]
	at org.springframework.scheduling.quartz.QuartzJobBean.execute(QuartzJobBean.java:75) ~[spring-context-support-6.2.1.jar:6.2.1]
	at org.quartz.core.JobRunShell.run(JobRunShell.java:202) ~[quartz-2.3.2.jar:na]
	... 1 common frames omitted

2025-04-20T04:24:11.147Z ERROR 75376 --- [hhplus] [eduler_Worker-4] org.quartz.core.JobRunShell              : Job cancelOrderJob.df6dd31b-5d94-4c42-aa2d-1089b34a155e threw an unhandled Exception: 

java.lang.NullPointerException: Cannot invoke "org.springframework.web.context.WebApplicationContext.getBean(String)" because "appContext" is null
	at kr.hhplus.be.server.infrastructure.order.CancelOrderJob.executeInternal(CancelOrderJob.java:16) ~[main/:na]
	at org.springframework.scheduling.quartz.QuartzJobBean.execute(QuartzJobBean.java:75) ~[spring-context-support-6.2.1.jar:6.2.1]
	at org.quartz.core.JobRunShell.run(JobRunShell.java:202) ~[quartz-2.3.2.jar:na]
	at org.quartz.simpl.SimpleThreadPool$WorkerThread.run(SimpleThreadPool.java:573) ~[quartz-2.3.2.jar:na]

2025-04-20T04:24:11.148Z ERROR 75376 --- [hhplus] [eduler_Worker-4] org.quartz.core.ErrorLogger              : Job (cancelOrderJob.df6dd31b-5d94-4c42-aa2d-1089b34a155e threw an exception.

org.quartz.SchedulerException: Job threw an unhandled exception.
	at org.quartz.core.JobRunShell.run(JobRunShell.java:213) ~[quartz-2.3.2.jar:na]
	at org.quartz.simpl.SimpleThreadPool$WorkerThread.run(SimpleThreadPool.java:573) ~[quartz-2.3.2.jar:na]
Caused by: java.lang.NullPointerException: Cannot invoke "org.springframework.web.context.WebApplicationContext.getBean(String)" because "appContext" is null
	at kr.hhplus.be.server.infrastructure.order.CancelOrderJob.executeInternal(CancelOrderJob.java:16) ~[main/:na]
	at org.springframework.scheduling.quartz.QuartzJobBean.execute(QuartzJobBean.java:75) ~[spring-context-support-6.2.1.jar:6.2.1]
	at org.quartz.core.JobRunShell.run(JobRunShell.java:202) ~[quartz-2.3.2.jar:na]
	... 1 common frames omitted

]]></system-out>
  <system-err><![CDATA[]]></system-err>
</testsuite>
