<?xml version="1.0" encoding="UTF-8"?>
<testsuite name="kr.hhplus.be.server.application.product.ProductFacadeIntegrationTest" tests="2" skipped="0" failures="0" errors="0" timestamp="2025-04-20T04:24:10" hostname="yeomseogcheon-ui-MacBookPro.local" time="0.071">
  <properties/>
  <testcase name="상품 전체 조회 테스트 - 상품이 존재하는 경우" classname="kr.hhplus.be.server.application.product.ProductFacadeIntegrationTest" time="0.047"/>
  <testcase name="상품 전체 조회 테스트" classname="kr.hhplus.be.server.application.product.ProductFacadeIntegrationTest" time="0.023"/>
  <system-out><![CDATA[2025-04-20T04:24:10.124Z  INFO 75376 --- [hhplus] [    Test worker] t.c.s.AnnotationConfigContextLoaderUtils : Could not detect default configuration classes for test class [kr.hhplus.be.server.application.product.ProductFacadeIntegrationTest]: ProductFacadeIntegrationTest does not declare any static, non-private, non-final, nested classes annotated with @Configuration.
2025-04-20T04:24:10.144Z  INFO 75376 --- [hhplus] [    Test worker] .b.t.c.SpringBootTestContextBootstrapper : Found @SpringBootConfiguration kr.hhplus.be.server.ServerApplication for test class kr.hhplus.be.server.application.product.ProductFacadeIntegrationTest
]]></system-out>
  <system-err><![CDATA[]]></system-err>
</testsuite>
