<?xml version="1.0" encoding="UTF-8"?>
<testsuite name="kr.hhplus.be.server.application.order.OrderFacadeIntegrationTest" tests="4" skipped="0" failures="0" errors="0" timestamp="2025-04-20T04:06:09" hostname="yeomseogcheon-ui-MacBookPro.local" time="0.377">
  <properties/>
  <testcase name="쿠폰을 사용하지 않고 충분한 재고가 있는 상품을 주문 시, 주문에 성공한다." classname="kr.hhplus.be.server.application.order.OrderFacadeIntegrationTest" time="0.076"/>
  <testcase name="쿠폰이 사용된 주문 취소 시, 주문의 상태가 PENDING이면 주문을 취소하고 상품 재고와 쿠폰 사용 여부를 복구한다." classname="kr.hhplus.be.server.application.order.OrderFacadeIntegrationTest" time="0.107"/>
  <testcase name="쿠폰을 사용하고 충분한 재고가 있는 상품을 주문 시, 주문에 성공한다." classname="kr.hhplus.be.server.application.order.OrderFacadeIntegrationTest" time="0.102"/>
  <testcase name="쿠폰이 사용되지 않은 주문 취소 시, 주문의 상태가 PENDING이면 주문을 취소하고 상품 재고를 복구한다." classname="kr.hhplus.be.server.application.order.OrderFacadeIntegrationTest" time="0.087"/>
  <system-out><![CDATA[2025-04-20T04:06:09.005Z  INFO 73903 --- [hhplus] [    Test worker] t.c.s.AnnotationConfigContextLoaderUtils : Could not detect default configuration classes for test class [kr.hhplus.be.server.application.order.OrderFacadeIntegrationTest]: OrderFacadeIntegrationTest does not declare any static, non-private, non-final, nested classes annotated with @Configuration.
2025-04-20T04:06:09.017Z  INFO 73903 --- [hhplus] [    Test worker] .b.t.c.SpringBootTestContextBootstrapper : Found @SpringBootConfiguration kr.hhplus.be.server.ServerApplication for test class kr.hhplus.be.server.application.order.OrderFacadeIntegrationTest
2025-04-20T04:06:09.085Z ERROR 73903 --- [hhplus] [eduler_Worker-5] org.quartz.core.JobRunShell              : Job cancelOrderJob.804ed98c-bc97-47a5-a25e-64c60eb173cc threw an unhandled Exception: 

java.lang.NullPointerException: Cannot invoke "org.springframework.web.context.WebApplicationContext.getBean(String)" because "appContext" is null
	at kr.hhplus.be.server.infrastructure.order.CancelOrderJob.executeInternal(CancelOrderJob.java:17) ~[main/:na]
	at org.springframework.scheduling.quartz.QuartzJobBean.execute(QuartzJobBean.java:75) ~[spring-context-support-6.2.1.jar:6.2.1]
	at org.quartz.core.JobRunShell.run(JobRunShell.java:202) ~[quartz-2.3.2.jar:na]
	at org.quartz.simpl.SimpleThreadPool$WorkerThread.run(SimpleThreadPool.java:573) ~[quartz-2.3.2.jar:na]

2025-04-20T04:06:09.086Z ERROR 73903 --- [hhplus] [eduler_Worker-5] org.quartz.core.ErrorLogger              : Job (cancelOrderJob.804ed98c-bc97-47a5-a25e-64c60eb173cc threw an exception.

org.quartz.SchedulerException: Job threw an unhandled exception.
	at org.quartz.core.JobRunShell.run(JobRunShell.java:213) ~[quartz-2.3.2.jar:na]
	at org.quartz.simpl.SimpleThreadPool$WorkerThread.run(SimpleThreadPool.java:573) ~[quartz-2.3.2.jar:na]
Caused by: java.lang.NullPointerException: Cannot invoke "org.springframework.web.context.WebApplicationContext.getBean(String)" because "appContext" is null
	at kr.hhplus.be.server.infrastructure.order.CancelOrderJob.executeInternal(CancelOrderJob.java:17) ~[main/:na]
	at org.springframework.scheduling.quartz.QuartzJobBean.execute(QuartzJobBean.java:75) ~[spring-context-support-6.2.1.jar:6.2.1]
	at org.quartz.core.JobRunShell.run(JobRunShell.java:202) ~[quartz-2.3.2.jar:na]
	... 1 common frames omitted

2025-04-20T04:06:09.185Z ERROR 73903 --- [hhplus] [eduler_Worker-6] org.quartz.core.JobRunShell              : Job cancelOrderJob.3ef5cd63-eb0c-4e7c-b876-e8ae6a922f40 threw an unhandled Exception: 

java.lang.NullPointerException: Cannot invoke "org.springframework.web.context.WebApplicationContext.getBean(String)" because "appContext" is null
	at kr.hhplus.be.server.infrastructure.order.CancelOrderJob.executeInternal(CancelOrderJob.java:17) ~[main/:na]
	at org.springframework.scheduling.quartz.QuartzJobBean.execute(QuartzJobBean.java:75) ~[spring-context-support-6.2.1.jar:6.2.1]
	at org.quartz.core.JobRunShell.run(JobRunShell.java:202) ~[quartz-2.3.2.jar:na]
	at org.quartz.simpl.SimpleThreadPool$WorkerThread.run(SimpleThreadPool.java:573) ~[quartz-2.3.2.jar:na]

2025-04-20T04:06:09.187Z ERROR 73903 --- [hhplus] [eduler_Worker-6] org.quartz.core.ErrorLogger              : Job (cancelOrderJob.3ef5cd63-eb0c-4e7c-b876-e8ae6a922f40 threw an exception.

org.quartz.SchedulerException: Job threw an unhandled exception.
	at org.quartz.core.JobRunShell.run(JobRunShell.java:213) ~[quartz-2.3.2.jar:na]
	at org.quartz.simpl.SimpleThreadPool$WorkerThread.run(SimpleThreadPool.java:573) ~[quartz-2.3.2.jar:na]
Caused by: java.lang.NullPointerException: Cannot invoke "org.springframework.web.context.WebApplicationContext.getBean(String)" because "appContext" is null
	at kr.hhplus.be.server.infrastructure.order.CancelOrderJob.executeInternal(CancelOrderJob.java:17) ~[main/:na]
	at org.springframework.scheduling.quartz.QuartzJobBean.execute(QuartzJobBean.java:75) ~[spring-context-support-6.2.1.jar:6.2.1]
	at org.quartz.core.JobRunShell.run(JobRunShell.java:202) ~[quartz-2.3.2.jar:na]
	... 1 common frames omitted

2025-04-20T04:06:09.294Z ERROR 73903 --- [hhplus] [eduler_Worker-7] org.quartz.core.JobRunShell              : Job cancelOrderJob.07ac98fb-6565-4aba-98f2-f0902321fae4 threw an unhandled Exception: 

java.lang.NullPointerException: Cannot invoke "org.springframework.web.context.WebApplicationContext.getBean(String)" because "appContext" is null
	at kr.hhplus.be.server.infrastructure.order.CancelOrderJob.executeInternal(CancelOrderJob.java:17) ~[main/:na]
	at org.springframework.scheduling.quartz.QuartzJobBean.execute(QuartzJobBean.java:75) ~[spring-context-support-6.2.1.jar:6.2.1]
	at org.quartz.core.JobRunShell.run(JobRunShell.java:202) ~[quartz-2.3.2.jar:na]
	at org.quartz.simpl.SimpleThreadPool$WorkerThread.run(SimpleThreadPool.java:573) ~[quartz-2.3.2.jar:na]

2025-04-20T04:06:09.295Z ERROR 73903 --- [hhplus] [eduler_Worker-7] org.quartz.core.ErrorLogger              : Job (cancelOrderJob.07ac98fb-6565-4aba-98f2-f0902321fae4 threw an exception.

org.quartz.SchedulerException: Job threw an unhandled exception.
	at org.quartz.core.JobRunShell.run(JobRunShell.java:213) ~[quartz-2.3.2.jar:na]
	at org.quartz.simpl.SimpleThreadPool$WorkerThread.run(SimpleThreadPool.java:573) ~[quartz-2.3.2.jar:na]
Caused by: java.lang.NullPointerException: Cannot invoke "org.springframework.web.context.WebApplicationContext.getBean(String)" because "appContext" is null
	at kr.hhplus.be.server.infrastructure.order.CancelOrderJob.executeInternal(CancelOrderJob.java:17) ~[main/:na]
	at org.springframework.scheduling.quartz.QuartzJobBean.execute(QuartzJobBean.java:75) ~[spring-context-support-6.2.1.jar:6.2.1]
	at org.quartz.core.JobRunShell.run(JobRunShell.java:202) ~[quartz-2.3.2.jar:na]
	... 1 common frames omitted

2025-04-20T04:06:09.381Z ERROR 73903 --- [hhplus] [eduler_Worker-8] org.quartz.core.JobRunShell              : Job cancelOrderJob.cfaa4e05-1971-4dec-a0c1-3a303e5f9532 threw an unhandled Exception: 

java.lang.NullPointerException: Cannot invoke "org.springframework.web.context.WebApplicationContext.getBean(String)" because "appContext" is null
	at kr.hhplus.be.server.infrastructure.order.CancelOrderJob.executeInternal(CancelOrderJob.java:17) ~[main/:na]
	at org.springframework.scheduling.quartz.QuartzJobBean.execute(QuartzJobBean.java:75) ~[spring-context-support-6.2.1.jar:6.2.1]
	at org.quartz.core.JobRunShell.run(JobRunShell.java:202) ~[quartz-2.3.2.jar:na]
	at org.quartz.simpl.SimpleThreadPool$WorkerThread.run(SimpleThreadPool.java:573) ~[quartz-2.3.2.jar:na]

2025-04-20T04:06:09.382Z ERROR 73903 --- [hhplus] [eduler_Worker-8] org.quartz.core.ErrorLogger              : Job (cancelOrderJob.cfaa4e05-1971-4dec-a0c1-3a303e5f9532 threw an exception.

org.quartz.SchedulerException: Job threw an unhandled exception.
	at org.quartz.core.JobRunShell.run(JobRunShell.java:213) ~[quartz-2.3.2.jar:na]
	at org.quartz.simpl.SimpleThreadPool$WorkerThread.run(SimpleThreadPool.java:573) ~[quartz-2.3.2.jar:na]
Caused by: java.lang.NullPointerException: Cannot invoke "org.springframework.web.context.WebApplicationContext.getBean(String)" because "appContext" is null
	at kr.hhplus.be.server.infrastructure.order.CancelOrderJob.executeInternal(CancelOrderJob.java:17) ~[main/:na]
	at org.springframework.scheduling.quartz.QuartzJobBean.execute(QuartzJobBean.java:75) ~[spring-context-support-6.2.1.jar:6.2.1]
	at org.quartz.core.JobRunShell.run(JobRunShell.java:202) ~[quartz-2.3.2.jar:na]
	... 1 common frames omitted

]]></system-out>
  <system-err><![CDATA[]]></system-err>
</testsuite>
