<?xml version="1.0" encoding="UTF-8"?>
<testsuite name="kr.hhplus.be.server.application.order.OrderFacadeTest" tests="4" skipped="0" failures="0" errors="0" timestamp="2025-04-17T11:19:59" hostname="yeomseogcheon-ui-MacBookPro.local" time="1.156">
  <properties/>
  <testcase name="쿠폰을 사용하지 않고 충분한 재고가 있는 상품을 주문 시, 주문에 성공한다." classname="kr.hhplus.be.server.application.order.OrderFacadeTest" time="0.926"/>
  <testcase name="쿠폰이 사용된 주문 취소 시, 주문의 상태가 PENDING이면 주문을 취소하고 상품 재고와 쿠폰 사용 여부를 복구한다." classname="kr.hhplus.be.server.application.order.OrderFacadeTest" time="0.087"/>
  <testcase name="쿠폰을 사용하고 충분한 재고가 있는 상품을 주문 시, 주문에 성공한다." classname="kr.hhplus.be.server.application.order.OrderFacadeTest" time="0.068"/>
  <testcase name="쿠폰이 사용되지 않은 주문 취소 시, 주문의 상태가 PENDING이면 주문을 취소하고 상품 재고를 복구한다." classname="kr.hhplus.be.server.application.order.OrderFacadeTest" time="0.071"/>
  <system-out><![CDATA[11:19:37.100 [Test worker] INFO org.springframework.test.context.support.AnnotationConfigContextLoaderUtils -- Could not detect default configuration classes for test class [kr.hhplus.be.server.application.order.OrderFacadeTest]: OrderFacadeTest does not declare any static, non-private, non-final, nested classes annotated with @Configuration.
11:19:37.307 [Test worker] INFO org.springframework.boot.test.context.SpringBootTestContextBootstrapper -- Found @SpringBootConfiguration kr.hhplus.be.server.ServerApplication for test class kr.hhplus.be.server.application.order.OrderFacadeTest

  .   ____          _            __ _ _
 /\\ / ___'_ __ _ _(_)_ __  __ _ \ \ \ \
( ( )\___ | '_ | '_| | '_ \/ _` | \ \ \ \
 \\/  ___)| |_)| | | | | || (_| |  ) ) ) )
  '  |____| .__|_| |_|_| |_\__, | / / / /
 =========|_|==============|___/=/_/_/_/

 :: Spring Boot ::                (v3.4.1)

2025-04-17T11:19:37.738Z  INFO 83883 --- [hhplus] [    Test worker] k.h.b.s.a.order.OrderFacadeTest          : Starting OrderFacadeTest using Java 17.0.11 with PID 83883 (started by yeomseogcheon in /Users/yeomseogcheon/Documents/workspace/study/HangHae-TDD/server-java)
2025-04-17T11:19:37.739Z  INFO 83883 --- [hhplus] [    Test worker] k.h.b.s.a.order.OrderFacadeTest          : The following 1 profile is active: "local"
2025-04-17T11:19:38.508Z  INFO 83883 --- [hhplus] [    Test worker] .s.d.r.c.RepositoryConfigurationDelegate : Bootstrapping Spring Data JPA repositories in DEFAULT mode.
2025-04-17T11:19:38.594Z  INFO 83883 --- [hhplus] [    Test worker] .s.d.r.c.RepositoryConfigurationDelegate : Finished Spring Data repository scanning in 75 ms. Found 10 JPA repository interfaces.
2025-04-17T11:19:39.135Z  INFO 83883 --- [hhplus] [    Test worker] org.testcontainers.images.PullPolicy     : Image pull policy will be performed by: DefaultPullPolicy()
2025-04-17T11:19:39.138Z  INFO 83883 --- [hhplus] [    Test worker] o.t.utility.ImageNameSubstitutor         : Image name substitution will be performed by: DefaultImageNameSubstitutor (composite of 'ConfigurationFileImageNameSubstitutor' and 'PrefixingImageNameSubstitutor')
2025-04-17T11:19:39.146Z  INFO 83883 --- [hhplus] [    Test worker] org.testcontainers.DockerClientFactory   : Testcontainers version: 1.20.4
2025-04-17T11:19:39.314Z  INFO 83883 --- [hhplus] [    Test worker] o.t.d.DockerClientProviderStrategy       : Loaded org.testcontainers.dockerclient.UnixSocketClientProviderStrategy from ~/.testcontainers.properties, will try it first
2025-04-17T11:19:39.594Z  INFO 83883 --- [hhplus] [    Test worker] o.t.d.DockerClientProviderStrategy       : Found Docker environment with local Unix socket (unix:///var/run/docker.sock)
2025-04-17T11:19:39.597Z  INFO 83883 --- [hhplus] [    Test worker] org.testcontainers.DockerClientFactory   : Docker host IP address is localhost
2025-04-17T11:19:39.619Z  INFO 83883 --- [hhplus] [    Test worker] org.testcontainers.DockerClientFactory   : Connected to docker: 
  Server Version: 27.5.1
  API Version: 1.47
  Operating System: Docker Desktop
  Total Memory: 7838 MB
  Labels: 
    com.docker.desktop.address=unix:///Users/yeomseogcheon/Library/Containers/com.docker.docker/Data/docker-cli.sock
2025-04-17T11:19:39.647Z  INFO 83883 --- [hhplus] [    Test worker] tc.testcontainers/ryuk:0.11.0            : Creating container for image: testcontainers/ryuk:0.11.0
2025-04-17T11:19:39.792Z  INFO 83883 --- [hhplus] [    Test worker] o.t.utility.RegistryAuthLocator          : Credential helper/store (docker-credential-desktop) does not have credentials for https://index.docker.io/v1/
2025-04-17T11:19:39.958Z  INFO 83883 --- [hhplus] [    Test worker] tc.testcontainers/ryuk:0.11.0            : Container testcontainers/ryuk:0.11.0 is starting: 59b3d2be03f2ec5d02641a3cdc9de8a10220bd9e2813edabce61656cfd09895d
2025-04-17T11:19:40.608Z  INFO 83883 --- [hhplus] [    Test worker] tc.testcontainers/ryuk:0.11.0            : Container testcontainers/ryuk:0.11.0 started in PT0.960541S
2025-04-17T11:19:40.616Z  INFO 83883 --- [hhplus] [    Test worker] o.t.utility.RyukResourceReaper           : Ryuk started - will monitor and terminate Testcontainers containers on JVM exit
2025-04-17T11:19:40.617Z  INFO 83883 --- [hhplus] [    Test worker] org.testcontainers.DockerClientFactory   : Checking the system...
2025-04-17T11:19:40.617Z  INFO 83883 --- [hhplus] [    Test worker] org.testcontainers.DockerClientFactory   : ✔︎ Docker server version should be at least 1.6.0
2025-04-17T11:19:40.625Z  INFO 83883 --- [hhplus] [    Test worker] tc.mysql:8.0                             : Creating container for image: mysql:8.0
2025-04-17T11:19:40.721Z  INFO 83883 --- [hhplus] [    Test worker] tc.mysql:8.0                             : Container mysql:8.0 is starting: fb118f8d3b0b246f9ff42c53123cc45f0873fabdf38b50d5245ccb8eb0e42b51
2025-04-17T11:19:41.112Z  INFO 83883 --- [hhplus] [    Test worker] tc.mysql:8.0                             : Waiting for database connection to become available at jdbc:mysql://localhost:50018/hhplus using query 'SELECT 1'
2025-04-17T11:19:52.898Z  INFO 83883 --- [hhplus] [    Test worker] tc.mysql:8.0                             : Container mysql:8.0 started in PT12.2725S
2025-04-17T11:19:52.898Z  INFO 83883 --- [hhplus] [    Test worker] tc.mysql:8.0                             : Container is started (JDBC URL: jdbc:mysql://localhost:50018/hhplus)
2025-04-17T11:19:53.487Z  INFO 83883 --- [hhplus] [    Test worker] o.hibernate.jpa.internal.util.LogHelper  : HHH000204: Processing PersistenceUnitInfo [name: default]
2025-04-17T11:19:53.556Z  INFO 83883 --- [hhplus] [    Test worker] org.hibernate.Version                    : HHH000412: Hibernate ORM core version 6.6.4.Final
2025-04-17T11:19:53.598Z  INFO 83883 --- [hhplus] [    Test worker] o.h.c.internal.RegionFactoryInitiator    : HHH000026: Second-level cache disabled
2025-04-17T11:19:53.902Z  INFO 83883 --- [hhplus] [    Test worker] o.s.o.j.p.SpringPersistenceUnitInfo      : No LoadTimeWeaver setup: ignoring JPA class transformer
2025-04-17T11:19:53.934Z  INFO 83883 --- [hhplus] [    Test worker] com.zaxxer.hikari.HikariDataSource       : HangHaePlusDataSource - Starting...
2025-04-17T11:19:54.085Z  INFO 83883 --- [hhplus] [    Test worker] com.zaxxer.hikari.pool.HikariPool        : HangHaePlusDataSource - Added connection com.mysql.cj.jdbc.ConnectionImpl@78e34499
2025-04-17T11:19:54.086Z  INFO 83883 --- [hhplus] [    Test worker] com.zaxxer.hikari.HikariDataSource       : HangHaePlusDataSource - Start completed.
2025-04-17T11:19:54.121Z  WARN 83883 --- [hhplus] [    Test worker] org.hibernate.orm.deprecation            : HHH90000025: MySQL8Dialect does not need to be specified explicitly using 'hibernate.dialect' (remove the property setting and it will be selected by default)
2025-04-17T11:19:54.122Z  WARN 83883 --- [hhplus] [    Test worker] org.hibernate.orm.deprecation            : HHH90000026: MySQL8Dialect has been deprecated; use org.hibernate.dialect.MySQLDialect instead
2025-04-17T11:19:54.140Z  INFO 83883 --- [hhplus] [    Test worker] org.hibernate.orm.connections.pooling    : HHH10001005: Database info:
	Database JDBC URL [Connecting through datasource 'HikariDataSource (HangHaePlusDataSource)']
	Database driver: undefined/unknown
	Database version: 8.0
	Autocommit mode: undefined/unknown
	Isolation level: undefined/unknown
	Minimum pool size: undefined/unknown
	Maximum pool size: undefined/unknown
2025-04-17T11:19:55.282Z  INFO 83883 --- [hhplus] [    Test worker] o.h.e.t.j.p.i.JtaPlatformInitiator       : HHH000489: No JTA platform available (set 'hibernate.transaction.jta.platform' to enable JTA platform integration)
2025-04-17T11:19:55.848Z  INFO 83883 --- [hhplus] [    Test worker] j.LocalContainerEntityManagerFactoryBean : Initialized JPA EntityManagerFactory for persistence unit 'default'
2025-04-17T11:19:56.198Z  INFO 83883 --- [hhplus] [    Test worker] o.s.d.j.r.query.QueryEnhancerFactory     : Hibernate is in classpath; If applicable, HQL parser will be used.
2025-04-17T11:19:57.183Z  INFO 83883 --- [hhplus] [    Test worker] org.quartz.impl.StdSchedulerFactory      : Using default implementation for ThreadExecutor
2025-04-17T11:19:57.186Z  INFO 83883 --- [hhplus] [    Test worker] org.quartz.simpl.SimpleThreadPool        : Job execution threads will use class loader of thread: Test worker
2025-04-17T11:19:57.197Z  INFO 83883 --- [hhplus] [    Test worker] org.quartz.core.SchedulerSignalerImpl    : Initialized Scheduler Signaller of type: class org.quartz.core.SchedulerSignalerImpl
2025-04-17T11:19:57.197Z  INFO 83883 --- [hhplus] [    Test worker] org.quartz.core.QuartzScheduler          : Quartz Scheduler v.2.3.2 created.
2025-04-17T11:19:57.198Z  INFO 83883 --- [hhplus] [    Test worker] org.quartz.simpl.RAMJobStore             : RAMJobStore initialized.
2025-04-17T11:19:57.199Z  INFO 83883 --- [hhplus] [    Test worker] org.quartz.core.QuartzScheduler          : Scheduler meta-data: Quartz Scheduler (v2.3.2) 'DefaultQuartzScheduler' with instanceId 'NON_CLUSTERED'
  Scheduler class: 'org.quartz.core.QuartzScheduler' - running locally.
  NOT STARTED.
  Currently in standby mode.
  Number of jobs executed: 0
  Using thread pool 'org.quartz.simpl.SimpleThreadPool' - with 10 threads.
  Using job-store 'org.quartz.simpl.RAMJobStore' - which does not support persistence. and is not clustered.

2025-04-17T11:19:57.200Z  INFO 83883 --- [hhplus] [    Test worker] org.quartz.impl.StdSchedulerFactory      : Quartz scheduler 'DefaultQuartzScheduler' initialized from default resource file in Quartz package: 'quartz.properties'
2025-04-17T11:19:57.200Z  INFO 83883 --- [hhplus] [    Test worker] org.quartz.impl.StdSchedulerFactory      : Quartz scheduler version: 2.3.2
2025-04-17T11:19:57.200Z  INFO 83883 --- [hhplus] [    Test worker] org.quartz.core.QuartzScheduler          : Scheduler DefaultQuartzScheduler_$_NON_CLUSTERED started.
2025-04-17T11:19:57.816Z  INFO 83883 --- [hhplus] [    Test worker] o.s.v.b.OptionalValidatorFactoryBean     : Failed to set up a Bean Validation provider: jakarta.validation.NoProviderFoundException: Unable to create a Configuration, because no Jakarta Bean Validation provider could be found. Add a provider like Hibernate Validator (RI) to your classpath.
2025-04-17T11:19:59.439Z  INFO 83883 --- [hhplus] [    Test worker] org.quartz.impl.StdSchedulerFactory      : Using default implementation for ThreadExecutor
2025-04-17T11:19:59.441Z  INFO 83883 --- [hhplus] [    Test worker] org.quartz.core.SchedulerSignalerImpl    : Initialized Scheduler Signaller of type: class org.quartz.core.SchedulerSignalerImpl
2025-04-17T11:19:59.441Z  INFO 83883 --- [hhplus] [    Test worker] org.quartz.core.QuartzScheduler          : Quartz Scheduler v.2.3.2 created.
2025-04-17T11:19:59.441Z  INFO 83883 --- [hhplus] [    Test worker] org.quartz.simpl.RAMJobStore             : RAMJobStore initialized.
2025-04-17T11:19:59.442Z  INFO 83883 --- [hhplus] [    Test worker] org.quartz.core.QuartzScheduler          : Scheduler meta-data: Quartz Scheduler (v2.3.2) 'quartzScheduler' with instanceId 'NON_CLUSTERED'
  Scheduler class: 'org.quartz.core.QuartzScheduler' - running locally.
  NOT STARTED.
  Currently in standby mode.
  Number of jobs executed: 0
  Using thread pool 'org.quartz.simpl.SimpleThreadPool' - with 10 threads.
  Using job-store 'org.quartz.simpl.RAMJobStore' - which does not support persistence. and is not clustered.

2025-04-17T11:19:59.442Z  INFO 83883 --- [hhplus] [    Test worker] org.quartz.impl.StdSchedulerFactory      : Quartz scheduler 'quartzScheduler' initialized from an externally provided properties instance.
2025-04-17T11:19:59.442Z  INFO 83883 --- [hhplus] [    Test worker] org.quartz.impl.StdSchedulerFactory      : Quartz scheduler version: 2.3.2
2025-04-17T11:19:59.442Z  INFO 83883 --- [hhplus] [    Test worker] org.quartz.core.QuartzScheduler          : JobFactory set to: org.springframework.scheduling.quartz.SpringBeanJobFactory@23096d02
2025-04-17T11:19:59.487Z  INFO 83883 --- [hhplus] [    Test worker] o.s.b.a.e.web.EndpointLinksResolver      : Exposing 1 endpoint beneath base path '/actuator'
2025-04-17T11:19:59.557Z  INFO 83883 --- [hhplus] [    Test worker] o.s.s.quartz.SchedulerFactoryBean        : Starting Quartz Scheduler now
2025-04-17T11:19:59.557Z  INFO 83883 --- [hhplus] [    Test worker] org.quartz.core.QuartzScheduler          : Scheduler quartzScheduler_$_NON_CLUSTERED started.
2025-04-17T11:19:59.575Z  INFO 83883 --- [hhplus] [    Test worker] k.h.b.s.a.order.OrderFacadeTest          : Started OrderFacadeTest in 22.135 seconds (process running for 23.326)
2025-04-17T11:20:00.533Z ERROR 83883 --- [hhplus] [eduler_Worker-1] org.quartz.core.JobRunShell              : Job cancelOrderJob.fa12ae90-0270-4e45-a689-84e46071d423 threw an unhandled Exception: 

java.lang.NullPointerException: Cannot invoke "org.springframework.web.context.WebApplicationContext.getBean(String)" because "appContext" is null
	at kr.hhplus.be.server.infrastructure.order.CancelOrderJob.executeInternal(CancelOrderJob.java:17) ~[main/:na]
	at org.springframework.scheduling.quartz.QuartzJobBean.execute(QuartzJobBean.java:75) ~[spring-context-support-6.2.1.jar:6.2.1]
	at org.quartz.core.JobRunShell.run(JobRunShell.java:202) ~[quartz-2.3.2.jar:na]
	at org.quartz.simpl.SimpleThreadPool$WorkerThread.run(SimpleThreadPool.java:573) ~[quartz-2.3.2.jar:na]

2025-04-17T11:20:00.538Z ERROR 83883 --- [hhplus] [eduler_Worker-1] org.quartz.core.ErrorLogger              : Job (cancelOrderJob.fa12ae90-0270-4e45-a689-84e46071d423 threw an exception.

org.quartz.SchedulerException: Job threw an unhandled exception.
	at org.quartz.core.JobRunShell.run(JobRunShell.java:213) ~[quartz-2.3.2.jar:na]
	at org.quartz.simpl.SimpleThreadPool$WorkerThread.run(SimpleThreadPool.java:573) ~[quartz-2.3.2.jar:na]
Caused by: java.lang.NullPointerException: Cannot invoke "org.springframework.web.context.WebApplicationContext.getBean(String)" because "appContext" is null
	at kr.hhplus.be.server.infrastructure.order.CancelOrderJob.executeInternal(CancelOrderJob.java:17) ~[main/:na]
	at org.springframework.scheduling.quartz.QuartzJobBean.execute(QuartzJobBean.java:75) ~[spring-context-support-6.2.1.jar:6.2.1]
	at org.quartz.core.JobRunShell.run(JobRunShell.java:202) ~[quartz-2.3.2.jar:na]
	... 1 common frames omitted

2025-04-17T11:20:00.629Z ERROR 83883 --- [hhplus] [eduler_Worker-2] org.quartz.core.JobRunShell              : Job cancelOrderJob.51540f2b-6f01-446c-a233-0d5b1e61e987 threw an unhandled Exception: 

java.lang.NullPointerException: Cannot invoke "org.springframework.web.context.WebApplicationContext.getBean(String)" because "appContext" is null
	at kr.hhplus.be.server.infrastructure.order.CancelOrderJob.executeInternal(CancelOrderJob.java:17) ~[main/:na]
	at org.springframework.scheduling.quartz.QuartzJobBean.execute(QuartzJobBean.java:75) ~[spring-context-support-6.2.1.jar:6.2.1]
	at org.quartz.core.JobRunShell.run(JobRunShell.java:202) ~[quartz-2.3.2.jar:na]
	at org.quartz.simpl.SimpleThreadPool$WorkerThread.run(SimpleThreadPool.java:573) ~[quartz-2.3.2.jar:na]

2025-04-17T11:20:00.631Z ERROR 83883 --- [hhplus] [eduler_Worker-2] org.quartz.core.ErrorLogger              : Job (cancelOrderJob.51540f2b-6f01-446c-a233-0d5b1e61e987 threw an exception.

org.quartz.SchedulerException: Job threw an unhandled exception.
	at org.quartz.core.JobRunShell.run(JobRunShell.java:213) ~[quartz-2.3.2.jar:na]
	at org.quartz.simpl.SimpleThreadPool$WorkerThread.run(SimpleThreadPool.java:573) ~[quartz-2.3.2.jar:na]
Caused by: java.lang.NullPointerException: Cannot invoke "org.springframework.web.context.WebApplicationContext.getBean(String)" because "appContext" is null
	at kr.hhplus.be.server.infrastructure.order.CancelOrderJob.executeInternal(CancelOrderJob.java:17) ~[main/:na]
	at org.springframework.scheduling.quartz.QuartzJobBean.execute(QuartzJobBean.java:75) ~[spring-context-support-6.2.1.jar:6.2.1]
	at org.quartz.core.JobRunShell.run(JobRunShell.java:202) ~[quartz-2.3.2.jar:na]
	... 1 common frames omitted

2025-04-17T11:20:00.703Z ERROR 83883 --- [hhplus] [eduler_Worker-3] org.quartz.core.JobRunShell              : Job cancelOrderJob.a9b88337-4707-45e4-8d3d-2e9de45a6770 threw an unhandled Exception: 

java.lang.NullPointerException: Cannot invoke "org.springframework.web.context.WebApplicationContext.getBean(String)" because "appContext" is null
	at kr.hhplus.be.server.infrastructure.order.CancelOrderJob.executeInternal(CancelOrderJob.java:17) ~[main/:na]
	at org.springframework.scheduling.quartz.QuartzJobBean.execute(QuartzJobBean.java:75) ~[spring-context-support-6.2.1.jar:6.2.1]
	at org.quartz.core.JobRunShell.run(JobRunShell.java:202) ~[quartz-2.3.2.jar:na]
	at org.quartz.simpl.SimpleThreadPool$WorkerThread.run(SimpleThreadPool.java:573) ~[quartz-2.3.2.jar:na]

2025-04-17T11:20:00.703Z ERROR 83883 --- [hhplus] [eduler_Worker-3] org.quartz.core.ErrorLogger              : Job (cancelOrderJob.a9b88337-4707-45e4-8d3d-2e9de45a6770 threw an exception.

org.quartz.SchedulerException: Job threw an unhandled exception.
	at org.quartz.core.JobRunShell.run(JobRunShell.java:213) ~[quartz-2.3.2.jar:na]
	at org.quartz.simpl.SimpleThreadPool$WorkerThread.run(SimpleThreadPool.java:573) ~[quartz-2.3.2.jar:na]
Caused by: java.lang.NullPointerException: Cannot invoke "org.springframework.web.context.WebApplicationContext.getBean(String)" because "appContext" is null
	at kr.hhplus.be.server.infrastructure.order.CancelOrderJob.executeInternal(CancelOrderJob.java:17) ~[main/:na]
	at org.springframework.scheduling.quartz.QuartzJobBean.execute(QuartzJobBean.java:75) ~[spring-context-support-6.2.1.jar:6.2.1]
	at org.quartz.core.JobRunShell.run(JobRunShell.java:202) ~[quartz-2.3.2.jar:na]
	... 1 common frames omitted

2025-04-17T11:20:00.767Z ERROR 83883 --- [hhplus] [eduler_Worker-4] org.quartz.core.JobRunShell              : Job cancelOrderJob.4a4b9d68-8384-4187-ac7d-6a939623a237 threw an unhandled Exception: 

java.lang.NullPointerException: Cannot invoke "org.springframework.web.context.WebApplicationContext.getBean(String)" because "appContext" is null
	at kr.hhplus.be.server.infrastructure.order.CancelOrderJob.executeInternal(CancelOrderJob.java:17) ~[main/:na]
	at org.springframework.scheduling.quartz.QuartzJobBean.execute(QuartzJobBean.java:75) ~[spring-context-support-6.2.1.jar:6.2.1]
	at org.quartz.core.JobRunShell.run(JobRunShell.java:202) ~[quartz-2.3.2.jar:na]
	at org.quartz.simpl.SimpleThreadPool$WorkerThread.run(SimpleThreadPool.java:573) ~[quartz-2.3.2.jar:na]

2025-04-17T11:20:00.769Z ERROR 83883 --- [hhplus] [eduler_Worker-4] org.quartz.core.ErrorLogger              : Job (cancelOrderJob.4a4b9d68-8384-4187-ac7d-6a939623a237 threw an exception.

org.quartz.SchedulerException: Job threw an unhandled exception.
	at org.quartz.core.JobRunShell.run(JobRunShell.java:213) ~[quartz-2.3.2.jar:na]
	at org.quartz.simpl.SimpleThreadPool$WorkerThread.run(SimpleThreadPool.java:573) ~[quartz-2.3.2.jar:na]
Caused by: java.lang.NullPointerException: Cannot invoke "org.springframework.web.context.WebApplicationContext.getBean(String)" because "appContext" is null
	at kr.hhplus.be.server.infrastructure.order.CancelOrderJob.executeInternal(CancelOrderJob.java:17) ~[main/:na]
	at org.springframework.scheduling.quartz.QuartzJobBean.execute(QuartzJobBean.java:75) ~[spring-context-support-6.2.1.jar:6.2.1]
	at org.quartz.core.JobRunShell.run(JobRunShell.java:202) ~[quartz-2.3.2.jar:na]
	... 1 common frames omitted

]]></system-out>
  <system-err><![CDATA[]]></system-err>
</testsuite>
