<?xml version="1.0" encoding="UTF-8"?>
<testsuite name="kr.hhplus.be.server.domain.coupon.UserCouponTest" tests="6" skipped="0" failures="0" errors="0" timestamp="2025-04-10T19:19:18" hostname="yeomseogcheon-ui-MacBookPro.local" time="1.036">
  <properties/>
  <testcase name="UserCoupon 생성 시, 사용자 ID와 Coupon 객체를 전달하여 미사용 상태로 생성한다." classname="kr.hhplus.be.server.domain.coupon.UserCouponTest" time="0.247"/>
  <testcase name="쿠폰 사용 시, 유효한 쿠폰이며 정액제인 경우 그 액수를 할인 금액으로 저장하고 사용 상태로 변경한다." classname="kr.hhplus.be.server.domain.coupon.UserCouponTest" time="0.017"/>
  <testcase name="쿠폰 사용 시, 만료일이 지났으면 사용에 실패한다." classname="kr.hhplus.be.server.domain.coupon.UserCouponTest" time="0.744"/>
  <testcase name="쿠폰 초기화 시, 사용 상태가 false로 초기화된다." classname="kr.hhplus.be.server.domain.coupon.UserCouponTest" time="0.005"/>
  <testcase name="쿠폰 사용 시, 이미 사용된 쿠폰이면 사용에 실패한다." classname="kr.hhplus.be.server.domain.coupon.UserCouponTest" time="0.006"/>
  <testcase name="쿠폰 사용 시, 유효한 쿠폰이며 정률제인 경우 그 비율에 따라 할인 금액을 계산하고 사용 상태로 변경한다." classname="kr.hhplus.be.server.domain.coupon.UserCouponTest" time="0.008"/>
  <system-out><![CDATA[]]></system-out>
  <system-err><![CDATA[]]></system-err>
</testsuite>
