<?xml version="1.0" encoding="UTF-8"?>
<testsuite name="kr.hhplus.be.server.domain.point.PointServiceTest" tests="6" skipped="0" failures="0" errors="0" timestamp="2025-04-13T05:25:32" hostname="yeomseogcheon-ui-MacBookPro.local" time="1.116">
  <properties/>
  <testcase name="포인트 충전 시, 포인트 잔액을 증가시키고 업데이트된 포인트와 충전 내역을 저장한다." classname="kr.hhplus.be.server.domain.point.PointServiceTest" time="1.077"/>
  <testcase name="null 허용 포인트 조회 시, 포인트가 존재하면 포인트 정보를 반환한다." classname="kr.hhplus.be.server.domain.point.PointServiceTest" time="0.007"/>
  <testcase name="포인트 사용 시, 포인트 잔액을 감소시키고 업데이트된 포인트와 사용 내역을 저장한다." classname="kr.hhplus.be.server.domain.point.PointServiceTest" time="0.008"/>
  <testcase name="포인트 조회 시, 포인트가 존재하면 포인트 정보를 반환한다." classname="kr.hhplus.be.server.domain.point.PointServiceTest" time="0.005"/>
  <testcase name="null 허용 포인트 조회 시, 포인트가 존재하지 않으면 Optional.empty()를 반환한다." classname="kr.hhplus.be.server.domain.point.PointServiceTest" time="0.004"/>
  <testcase name="포인트 조회 시, 포인트가 존재하지 않으면 ApiException(POINT_NOT_FOUND)을 발생시킨다." classname="kr.hhplus.be.server.domain.point.PointServiceTest" time="0.008"/>
  <system-out><![CDATA[]]></system-out>
  <system-err><![CDATA[]]></system-err>
</testsuite>
