<?xml version="1.0" encoding="UTF-8"?>
<testsuite name="kr.hhplus.be.server.application.order.PlaceOrderCommandTest" tests="8" skipped="0" failures="0" errors="0" timestamp="2025-04-20T04:06:09" hostname="yeomseogcheon-ui-MacBookPro.local" time="0.041">
  <properties/>
  <testcase name="productId가 0 이하인 경우 PlaceOrderCommand.PlaceOrderItem을 생성하면 ApiException(INVALID_PRODUCT_ID)이 발생한다." classname="kr.hhplus.be.server.application.order.PlaceOrderCommandTest" time="0.007"/>
  <testcase name="userId가 0 이하인 경우 PlaceOrderCommand를 생성하면 ApiException(INVALID_USER_ID)이 발생한다." classname="kr.hhplus.be.server.application.order.PlaceOrderCommandTest" time="0.009"/>
  <testcase name="items가 비어있는 경우 PlaceOrderCommand를 생성하면 ApiException(INVALID_ORDER_ITEMS)이 발생한다." classname="kr.hhplus.be.server.application.order.PlaceOrderCommandTest" time="0.005"/>
  <testcase name="유효한 userId와 PlaceOrderItem으로 PlaceOrderCommand를 생성하면 성공한다." classname="kr.hhplus.be.server.application.order.PlaceOrderCommandTest" time="0.003"/>
  <testcase name="useCouponId가 있으면서, 0 이하인 경우 PlaceOrderCommand를 생성하면 ApiException(INVALID_COUPON_ID)이 발생한다." classname="kr.hhplus.be.server.application.order.PlaceOrderCommandTest" time="0.003"/>
  <testcase name="items가 null인 경우 PlaceOrderCommand를 생성하면 ApiException(INVALID_ORDER_ITEMS)이 발생한다." classname="kr.hhplus.be.server.application.order.PlaceOrderCommandTest" time="0.001"/>
  <testcase name="유효한 productId와 quantity로 PlaceOrderCommand.PlaceOrderItem을 생성하면 성공한다." classname="kr.hhplus.be.server.application.order.PlaceOrderCommandTest" time="0.001"/>
  <testcase name="quantity가 0 이하인 경우 PlaceOrderCommand.PlaceOrderItem을 생성하면 ApiException(INVALID_ORDER_QUANTITY)이 발생한다." classname="kr.hhplus.be.server.application.order.PlaceOrderCommandTest" time="0.005"/>
  <system-out><![CDATA[]]></system-out>
  <system-err><![CDATA[]]></system-err>
</testsuite>
