<?xml version="1.0" encoding="UTF-8"?>
<testsuite name="kr.hhplus.be.server.domain.product.ProductTest" tests="1" skipped="0" failures="0" errors="0" timestamp="2025-04-13T09:04:03" hostname="yeomseogcheon-ui-MacBookPro.local" time="0.274">
  <properties/>
  <testcase name="상품 재고 증가시, 입력 값만큼 상품 재고가 증가한다." classname="kr.hhplus.be.server.domain.product.ProductTest" time="0.274"/>
  <system-out><![CDATA[]]></system-out>
  <system-err><![CDATA[]]></system-err>
</testsuite>
