<?xml version="1.0" encoding="UTF-8"?>
<testsuite name="kr.hhplus.be.server.application.payment.PaymentFacadeTest" tests="1" skipped="0" failures="0" errors="0" timestamp="2025-04-17T11:29:17" hostname="yeomseogcheon-ui-MacBookPro.local" time="0.972">
  <properties/>
  <testcase name="주문 내역 결제 시, 주문 금액이 보유 포인트보다 작거나 같고 주문 상태가 PENDING이라면 결제에 성공한다." classname="kr.hhplus.be.server.application.payment.PaymentFacadeTest" time="0.972"/>
  <system-out><![CDATA[11:28:55.092 [Test worker] INFO org.springframework.test.context.support.AnnotationConfigContextLoaderUtils -- Could not detect default configuration classes for test class [kr.hhplus.be.server.application.payment.PaymentFacadeTest]: PaymentFacadeTest does not declare any static, non-private, non-final, nested classes annotated with @Configuration.
11:28:55.315 [Test worker] INFO org.springframework.boot.test.context.SpringBootTestContextBootstrapper -- Found @SpringBootConfiguration kr.hhplus.be.server.ServerApplication for test class kr.hhplus.be.server.application.payment.PaymentFacadeTest

  .   ____          _            __ _ _
 /\\ / ___'_ __ _ _(_)_ __  __ _ \ \ \ \
( ( )\___ | '_ | '_| | '_ \/ _` | \ \ \ \
 \\/  ___)| |_)| | | | | || (_| |  ) ) ) )
  '  |____| .__|_| |_|_| |_\__, | / / / /
 =========|_|==============|___/=/_/_/_/

 :: Spring Boot ::                (v3.4.1)

2025-04-17T11:28:55.791Z  INFO 84731 --- [hhplus] [    Test worker] k.h.b.s.a.payment.PaymentFacadeTest      : Starting PaymentFacadeTest using Java 17.0.11 with PID 84731 (started by yeomseogcheon in /Users/yeomseogcheon/Documents/workspace/study/HangHae-TDD/server-java)
2025-04-17T11:28:55.793Z  INFO 84731 --- [hhplus] [    Test worker] k.h.b.s.a.payment.PaymentFacadeTest      : The following 1 profile is active: "local"
2025-04-17T11:28:56.678Z  INFO 84731 --- [hhplus] [    Test worker] .s.d.r.c.RepositoryConfigurationDelegate : Bootstrapping Spring Data JPA repositories in DEFAULT mode.
2025-04-17T11:28:56.764Z  INFO 84731 --- [hhplus] [    Test worker] .s.d.r.c.RepositoryConfigurationDelegate : Finished Spring Data repository scanning in 75 ms. Found 10 JPA repository interfaces.
2025-04-17T11:28:57.397Z  INFO 84731 --- [hhplus] [    Test worker] org.testcontainers.images.PullPolicy     : Image pull policy will be performed by: DefaultPullPolicy()
2025-04-17T11:28:57.402Z  INFO 84731 --- [hhplus] [    Test worker] o.t.utility.ImageNameSubstitutor         : Image name substitution will be performed by: DefaultImageNameSubstitutor (composite of 'ConfigurationFileImageNameSubstitutor' and 'PrefixingImageNameSubstitutor')
2025-04-17T11:28:57.414Z  INFO 84731 --- [hhplus] [    Test worker] org.testcontainers.DockerClientFactory   : Testcontainers version: 1.20.4
2025-04-17T11:28:57.615Z  INFO 84731 --- [hhplus] [    Test worker] o.t.d.DockerClientProviderStrategy       : Loaded org.testcontainers.dockerclient.UnixSocketClientProviderStrategy from ~/.testcontainers.properties, will try it first
2025-04-17T11:28:57.920Z  INFO 84731 --- [hhplus] [    Test worker] o.t.d.DockerClientProviderStrategy       : Found Docker environment with local Unix socket (unix:///var/run/docker.sock)
2025-04-17T11:28:57.922Z  INFO 84731 --- [hhplus] [    Test worker] org.testcontainers.DockerClientFactory   : Docker host IP address is localhost
2025-04-17T11:28:57.952Z  INFO 84731 --- [hhplus] [    Test worker] org.testcontainers.DockerClientFactory   : Connected to docker: 
  Server Version: 27.5.1
  API Version: 1.47
  Operating System: Docker Desktop
  Total Memory: 7838 MB
  Labels: 
    com.docker.desktop.address=unix:///Users/yeomseogcheon/Library/Containers/com.docker.docker/Data/docker-cli.sock
2025-04-17T11:28:57.981Z  INFO 84731 --- [hhplus] [    Test worker] tc.testcontainers/ryuk:0.11.0            : Creating container for image: testcontainers/ryuk:0.11.0
2025-04-17T11:28:58.127Z  INFO 84731 --- [hhplus] [    Test worker] o.t.utility.RegistryAuthLocator          : Credential helper/store (docker-credential-desktop) does not have credentials for https://index.docker.io/v1/
2025-04-17T11:28:58.212Z  INFO 84731 --- [hhplus] [    Test worker] tc.testcontainers/ryuk:0.11.0            : Container testcontainers/ryuk:0.11.0 is starting: 039f0056942043d1d45e48eb35f4e09005e7d389259c6823323511698452e5c4
2025-04-17T11:28:58.657Z  INFO 84731 --- [hhplus] [    Test worker] tc.testcontainers/ryuk:0.11.0            : Container testcontainers/ryuk:0.11.0 started in PT0.675469S
2025-04-17T11:28:58.664Z  INFO 84731 --- [hhplus] [    Test worker] o.t.utility.RyukResourceReaper           : Ryuk started - will monitor and terminate Testcontainers containers on JVM exit
2025-04-17T11:28:58.664Z  INFO 84731 --- [hhplus] [    Test worker] org.testcontainers.DockerClientFactory   : Checking the system...
2025-04-17T11:28:58.665Z  INFO 84731 --- [hhplus] [    Test worker] org.testcontainers.DockerClientFactory   : ✔︎ Docker server version should be at least 1.6.0
2025-04-17T11:28:58.669Z  INFO 84731 --- [hhplus] [    Test worker] tc.mysql:8.0                             : Creating container for image: mysql:8.0
2025-04-17T11:28:58.761Z  INFO 84731 --- [hhplus] [    Test worker] tc.mysql:8.0                             : Container mysql:8.0 is starting: 12951afa2d4f377f09272429b7ea1b76aa47422a832889125fb04a1634c7e329
2025-04-17T11:28:59.121Z  INFO 84731 --- [hhplus] [    Test worker] tc.mysql:8.0                             : Waiting for database connection to become available at jdbc:mysql://localhost:50781/hhplus using query 'SELECT 1'
2025-04-17T11:29:10.862Z  INFO 84731 --- [hhplus] [    Test worker] tc.mysql:8.0                             : Container mysql:8.0 started in PT12.193873S
2025-04-17T11:29:10.863Z  INFO 84731 --- [hhplus] [    Test worker] tc.mysql:8.0                             : Container is started (JDBC URL: jdbc:mysql://localhost:50781/hhplus)
2025-04-17T11:29:11.486Z  INFO 84731 --- [hhplus] [    Test worker] o.hibernate.jpa.internal.util.LogHelper  : HHH000204: Processing PersistenceUnitInfo [name: default]
2025-04-17T11:29:11.548Z  INFO 84731 --- [hhplus] [    Test worker] org.hibernate.Version                    : HHH000412: Hibernate ORM core version 6.6.4.Final
2025-04-17T11:29:11.593Z  INFO 84731 --- [hhplus] [    Test worker] o.h.c.internal.RegionFactoryInitiator    : HHH000026: Second-level cache disabled
2025-04-17T11:29:11.905Z  INFO 84731 --- [hhplus] [    Test worker] o.s.o.j.p.SpringPersistenceUnitInfo      : No LoadTimeWeaver setup: ignoring JPA class transformer
2025-04-17T11:29:11.937Z  INFO 84731 --- [hhplus] [    Test worker] com.zaxxer.hikari.HikariDataSource       : HangHaePlusDataSource - Starting...
2025-04-17T11:29:12.078Z  INFO 84731 --- [hhplus] [    Test worker] com.zaxxer.hikari.pool.HikariPool        : HangHaePlusDataSource - Added connection com.mysql.cj.jdbc.ConnectionImpl@2d093067
2025-04-17T11:29:12.080Z  INFO 84731 --- [hhplus] [    Test worker] com.zaxxer.hikari.HikariDataSource       : HangHaePlusDataSource - Start completed.
2025-04-17T11:29:12.118Z  WARN 84731 --- [hhplus] [    Test worker] org.hibernate.orm.deprecation            : HHH90000025: MySQL8Dialect does not need to be specified explicitly using 'hibernate.dialect' (remove the property setting and it will be selected by default)
2025-04-17T11:29:12.119Z  WARN 84731 --- [hhplus] [    Test worker] org.hibernate.orm.deprecation            : HHH90000026: MySQL8Dialect has been deprecated; use org.hibernate.dialect.MySQLDialect instead
2025-04-17T11:29:12.136Z  INFO 84731 --- [hhplus] [    Test worker] org.hibernate.orm.connections.pooling    : HHH10001005: Database info:
	Database JDBC URL [Connecting through datasource 'HikariDataSource (HangHaePlusDataSource)']
	Database driver: undefined/unknown
	Database version: 8.0
	Autocommit mode: undefined/unknown
	Isolation level: undefined/unknown
	Minimum pool size: undefined/unknown
	Maximum pool size: undefined/unknown
2025-04-17T11:29:13.239Z  INFO 84731 --- [hhplus] [    Test worker] o.h.e.t.j.p.i.JtaPlatformInitiator       : HHH000489: No JTA platform available (set 'hibernate.transaction.jta.platform' to enable JTA platform integration)
2025-04-17T11:29:13.719Z  INFO 84731 --- [hhplus] [    Test worker] j.LocalContainerEntityManagerFactoryBean : Initialized JPA EntityManagerFactory for persistence unit 'default'
2025-04-17T11:29:14.068Z  INFO 84731 --- [hhplus] [    Test worker] o.s.d.j.r.query.QueryEnhancerFactory     : Hibernate is in classpath; If applicable, HQL parser will be used.
2025-04-17T11:29:15.323Z  INFO 84731 --- [hhplus] [    Test worker] org.quartz.impl.StdSchedulerFactory      : Using default implementation for ThreadExecutor
2025-04-17T11:29:15.326Z  INFO 84731 --- [hhplus] [    Test worker] org.quartz.simpl.SimpleThreadPool        : Job execution threads will use class loader of thread: Test worker
2025-04-17T11:29:15.336Z  INFO 84731 --- [hhplus] [    Test worker] org.quartz.core.SchedulerSignalerImpl    : Initialized Scheduler Signaller of type: class org.quartz.core.SchedulerSignalerImpl
2025-04-17T11:29:15.336Z  INFO 84731 --- [hhplus] [    Test worker] org.quartz.core.QuartzScheduler          : Quartz Scheduler v.2.3.2 created.
2025-04-17T11:29:15.337Z  INFO 84731 --- [hhplus] [    Test worker] org.quartz.simpl.RAMJobStore             : RAMJobStore initialized.
2025-04-17T11:29:15.338Z  INFO 84731 --- [hhplus] [    Test worker] org.quartz.core.QuartzScheduler          : Scheduler meta-data: Quartz Scheduler (v2.3.2) 'DefaultQuartzScheduler' with instanceId 'NON_CLUSTERED'
  Scheduler class: 'org.quartz.core.QuartzScheduler' - running locally.
  NOT STARTED.
  Currently in standby mode.
  Number of jobs executed: 0
  Using thread pool 'org.quartz.simpl.SimpleThreadPool' - with 10 threads.
  Using job-store 'org.quartz.simpl.RAMJobStore' - which does not support persistence. and is not clustered.

2025-04-17T11:29:15.338Z  INFO 84731 --- [hhplus] [    Test worker] org.quartz.impl.StdSchedulerFactory      : Quartz scheduler 'DefaultQuartzScheduler' initialized from default resource file in Quartz package: 'quartz.properties'
2025-04-17T11:29:15.338Z  INFO 84731 --- [hhplus] [    Test worker] org.quartz.impl.StdSchedulerFactory      : Quartz scheduler version: 2.3.2
2025-04-17T11:29:15.338Z  INFO 84731 --- [hhplus] [    Test worker] org.quartz.core.QuartzScheduler          : Scheduler DefaultQuartzScheduler_$_NON_CLUSTERED started.
2025-04-17T11:29:16.061Z  INFO 84731 --- [hhplus] [    Test worker] o.s.v.b.OptionalValidatorFactoryBean     : Failed to set up a Bean Validation provider: jakarta.validation.NoProviderFoundException: Unable to create a Configuration, because no Jakarta Bean Validation provider could be found. Add a provider like Hibernate Validator (RI) to your classpath.
2025-04-17T11:29:17.649Z  INFO 84731 --- [hhplus] [    Test worker] org.quartz.impl.StdSchedulerFactory      : Using default implementation for ThreadExecutor
2025-04-17T11:29:17.651Z  INFO 84731 --- [hhplus] [    Test worker] org.quartz.core.SchedulerSignalerImpl    : Initialized Scheduler Signaller of type: class org.quartz.core.SchedulerSignalerImpl
2025-04-17T11:29:17.651Z  INFO 84731 --- [hhplus] [    Test worker] org.quartz.core.QuartzScheduler          : Quartz Scheduler v.2.3.2 created.
2025-04-17T11:29:17.651Z  INFO 84731 --- [hhplus] [    Test worker] org.quartz.simpl.RAMJobStore             : RAMJobStore initialized.
2025-04-17T11:29:17.651Z  INFO 84731 --- [hhplus] [    Test worker] org.quartz.core.QuartzScheduler          : Scheduler meta-data: Quartz Scheduler (v2.3.2) 'quartzScheduler' with instanceId 'NON_CLUSTERED'
  Scheduler class: 'org.quartz.core.QuartzScheduler' - running locally.
  NOT STARTED.
  Currently in standby mode.
  Number of jobs executed: 0
  Using thread pool 'org.quartz.simpl.SimpleThreadPool' - with 10 threads.
  Using job-store 'org.quartz.simpl.RAMJobStore' - which does not support persistence. and is not clustered.

2025-04-17T11:29:17.651Z  INFO 84731 --- [hhplus] [    Test worker] org.quartz.impl.StdSchedulerFactory      : Quartz scheduler 'quartzScheduler' initialized from an externally provided properties instance.
2025-04-17T11:29:17.651Z  INFO 84731 --- [hhplus] [    Test worker] org.quartz.impl.StdSchedulerFactory      : Quartz scheduler version: 2.3.2
2025-04-17T11:29:17.652Z  INFO 84731 --- [hhplus] [    Test worker] org.quartz.core.QuartzScheduler          : JobFactory set to: org.springframework.scheduling.quartz.SpringBeanJobFactory@789c61a3
2025-04-17T11:29:17.701Z  INFO 84731 --- [hhplus] [    Test worker] o.s.b.a.e.web.EndpointLinksResolver      : Exposing 1 endpoint beneath base path '/actuator'
2025-04-17T11:29:17.773Z  INFO 84731 --- [hhplus] [    Test worker] o.s.s.quartz.SchedulerFactoryBean        : Starting Quartz Scheduler now
2025-04-17T11:29:17.774Z  INFO 84731 --- [hhplus] [    Test worker] org.quartz.core.QuartzScheduler          : Scheduler quartzScheduler_$_NON_CLUSTERED started.
2025-04-17T11:29:17.792Z  INFO 84731 --- [hhplus] [    Test worker] k.h.b.s.a.payment.PaymentFacadeTest      : Started PaymentFacadeTest in 22.328 seconds (process running for 23.746)
]]></system-out>
  <system-err><![CDATA[]]></system-err>
</testsuite>
