<?xml version="1.0" encoding="UTF-8"?>
<testsuite name="kr.hhplus.be.server.domain.user.GetUserCommandTest" tests="2" skipped="0" failures="0" errors="0" timestamp="2025-04-12T07:29:35" hostname="yeomseogcheon-ui-MacBookPro.local" time="0.002">
  <properties/>
  <testcase name="GetUserCommand 생성 시 userId가 0 이하이면 InvalidUserIdError가 발생한다." classname="kr.hhplus.be.server.domain.user.GetUserCommandTest" time="0.001"/>
  <testcase name="GetUserCommand 생성 시 userId가 0 보다 크면 정상적으로 생성된다." classname="kr.hhplus.be.server.domain.user.GetUserCommandTest" time="0.0"/>
  <system-out><![CDATA[]]></system-out>
  <system-err><![CDATA[]]></system-err>
</testsuite>
