<?xml version="1.0" encoding="UTF-8"?>
<testsuite name="kr.hhplus.be.server.domain.order.OrdersTest" tests="6" skipped="0" failures="0" errors="0" timestamp="2025-04-13T11:34:30" hostname="yeomseogcheon-ui-MacBookPro.local" time="1.538">
  <properties/>
  <testcase name="주문을 취소하면 주문 상태가 PENDING에서 CANCELLED로 변경된다." classname="kr.hhplus.be.server.domain.order.OrdersTest" time="0.377"/>
  <testcase name="주문 생성 시, 주문번호와 주문자를 받아 대기 상태로 주문을 생성한다." classname="kr.hhplus.be.server.domain.order.OrdersTest" time="0.008"/>
  <testcase name="주문이 PENDING이 아닌 상태에서 주문을 취소하면 ORDER_CANNOT_BE_CANCELED 예외가 발생한다." classname="kr.hhplus.be.server.domain.order.OrdersTest" time="0.024"/>
  <testcase name="주문이 PENDING이 아닌 상태에서 주문을 확정하면 ORDER_CANNOT_BE_CONFIRMED 예외가 발생한다." classname="kr.hhplus.be.server.domain.order.OrdersTest" time="0.012"/>
  <testcase name="주문에 상품을 추가하면, 주문의 총 금액과 주문 항목이 업데이트된다." classname="kr.hhplus.be.server.domain.order.OrdersTest" time="1.088"/>
  <testcase name="주문을 확정하면 주문 상태가 PENDING에서 CONFIRMED로 변경된다." classname="kr.hhplus.be.server.domain.order.OrdersTest" time="0.008"/>
  <system-out><![CDATA[]]></system-out>
  <system-err><![CDATA[]]></system-err>
</testsuite>
