<?xml version="1.0" encoding="UTF-8"?>
<testsuite name="kr.hhplus.be.server.application.order.PlaceOrderCommandTest" tests="6" skipped="0" failures="0" errors="0" timestamp="2025-04-12T07:29:34" hostname="yeomseogcheon-ui-MacBookPro.local" time="0.059">
  <properties/>
  <testcase name="OrderItemSpec 객체를 생성할 때, 0보다 큰 상품 ID, 수량을 전달하면 상품 ID, 수량을 가진 주문 아이템 DTO가 생성된다." classname="kr.hhplus.be.server.application.order.PlaceOrderCommandTest" time="0.012"/>
  <testcase name="OrderItemSpec 객체를 생성할 때, 상품 ID가 0보다 작거나 같으면 InvalidProductError 예외가 발생한다." classname="kr.hhplus.be.server.application.order.PlaceOrderCommandTest" time="0.014"/>
  <testcase name="OrderItemSpec 객체를 생성할 때, 수량이 0보다 작거나 같으면 InvalidQuantityError 예외가 발생한다." classname="kr.hhplus.be.server.application.order.PlaceOrderCommandTest" time="0.004"/>
  <testcase name="PlaceOrderCommand 객체를 생성할 때, 주문 항목이 비어있으면 InvalidOrderItemError 예외가 발생한다." classname="kr.hhplus.be.server.application.order.PlaceOrderCommandTest" time="0.004"/>
  <testcase name="PlaceOrderCommand 객체를 생성할 때, 0보다 큰 사용자 ID와 주문 상품 목록을 전달하면 사용자 ID와 주문 목록을 가진 주문 DTO가 생성된다." classname="kr.hhplus.be.server.application.order.PlaceOrderCommandTest" time="0.009"/>
  <testcase name="PlaceOrderCommand 객체를 생성할 때, 사용자 ID가 0보다 작거나 같으면 InvalidUserIdError 예외가 발생한다." classname="kr.hhplus.be.server.application.order.PlaceOrderCommandTest" time="0.007"/>
  <system-out><![CDATA[]]></system-out>
  <system-err><![CDATA[]]></system-err>
</testsuite>
