<?xml version="1.0" encoding="UTF-8"?>
<testsuite name="kr.hhplus.be.server.application.coupon.CouponFacadeTest" tests="3" skipped="0" failures="0" errors="0" timestamp="2025-04-17T11:00:12" hostname="yeomseogcheon-ui-MacBookPro.local" time="1.159">
  <properties/>
  <testcase name="쿠폰 조회 시, 받은 유저 ID에 대한 쿠폰이 있으면 쿠폰 리스트를 반환한다." classname="kr.hhplus.be.server.application.coupon.CouponFacadeTest" time="1.035"/>
  <testcase name="쿠폰 조회 시, 받은 유저 ID에 대한 쿠폰이 없으면 빈 리스트를 반환한다." classname="kr.hhplus.be.server.application.coupon.CouponFacadeTest" time="0.023"/>
  <testcase name="유효한 쿠폰 발급 요청 시, 쿠폰이 발급된다." classname="kr.hhplus.be.server.application.coupon.CouponFacadeTest" time="0.098"/>
  <system-out><![CDATA[10:59:42.954 [Test worker] INFO org.springframework.test.context.support.AnnotationConfigContextLoaderUtils -- Could not detect default configuration classes for test class [kr.hhplus.be.server.application.coupon.CouponFacadeTest]: CouponFacadeTest does not declare any static, non-private, non-final, nested classes annotated with @Configuration.
10:59:43.216 [Test worker] INFO org.springframework.boot.test.context.SpringBootTestContextBootstrapper -- Found @SpringBootConfiguration kr.hhplus.be.server.ServerApplication for test class kr.hhplus.be.server.application.coupon.CouponFacadeTest

  .   ____          _            __ _ _
 /\\ / ___'_ __ _ _(_)_ __  __ _ \ \ \ \
( ( )\___ | '_ | '_| | '_ \/ _` | \ \ \ \
 \\/  ___)| |_)| | | | | || (_| |  ) ) ) )
  '  |____| .__|_| |_|_| |_\__, | / / / /
 =========|_|==============|___/=/_/_/_/

 :: Spring Boot ::                (v3.4.1)

2025-04-17T10:59:43.666Z  INFO 82327 --- [hhplus] [    Test worker] k.h.b.s.a.coupon.CouponFacadeTest        : Starting CouponFacadeTest using Java 17.0.11 with PID 82327 (started by yeomseogcheon in /Users/yeomseogcheon/Documents/workspace/study/HangHae-TDD/server-java)
2025-04-17T10:59:43.668Z  INFO 82327 --- [hhplus] [    Test worker] k.h.b.s.a.coupon.CouponFacadeTest        : The following 1 profile is active: "local"
2025-04-17T10:59:44.700Z  INFO 82327 --- [hhplus] [    Test worker] .s.d.r.c.RepositoryConfigurationDelegate : Bootstrapping Spring Data JPA repositories in DEFAULT mode.
2025-04-17T10:59:44.800Z  INFO 82327 --- [hhplus] [    Test worker] .s.d.r.c.RepositoryConfigurationDelegate : Finished Spring Data repository scanning in 85 ms. Found 10 JPA repository interfaces.
2025-04-17T10:59:45.523Z  INFO 82327 --- [hhplus] [    Test worker] org.testcontainers.images.PullPolicy     : Image pull policy will be performed by: DefaultPullPolicy()
2025-04-17T10:59:45.527Z  INFO 82327 --- [hhplus] [    Test worker] o.t.utility.ImageNameSubstitutor         : Image name substitution will be performed by: DefaultImageNameSubstitutor (composite of 'ConfigurationFileImageNameSubstitutor' and 'PrefixingImageNameSubstitutor')
2025-04-17T10:59:45.537Z  INFO 82327 --- [hhplus] [    Test worker] org.testcontainers.DockerClientFactory   : Testcontainers version: 1.20.4
2025-04-17T10:59:45.745Z  INFO 82327 --- [hhplus] [    Test worker] o.t.d.DockerClientProviderStrategy       : Loaded org.testcontainers.dockerclient.UnixSocketClientProviderStrategy from ~/.testcontainers.properties, will try it first
2025-04-17T10:59:46.058Z  INFO 82327 --- [hhplus] [    Test worker] o.t.d.DockerClientProviderStrategy       : Found Docker environment with local Unix socket (unix:///var/run/docker.sock)
2025-04-17T10:59:46.059Z  INFO 82327 --- [hhplus] [    Test worker] org.testcontainers.DockerClientFactory   : Docker host IP address is localhost
2025-04-17T10:59:46.086Z  INFO 82327 --- [hhplus] [    Test worker] org.testcontainers.DockerClientFactory   : Connected to docker: 
  Server Version: 27.5.1
  API Version: 1.47
  Operating System: Docker Desktop
  Total Memory: 7838 MB
  Labels: 
    com.docker.desktop.address=unix:///Users/yeomseogcheon/Library/Containers/com.docker.docker/Data/docker-cli.sock
2025-04-17T10:59:46.115Z  INFO 82327 --- [hhplus] [    Test worker] tc.testcontainers/ryuk:0.11.0            : Creating container for image: testcontainers/ryuk:0.11.0
2025-04-17T10:59:46.275Z  INFO 82327 --- [hhplus] [    Test worker] o.t.utility.RegistryAuthLocator          : Credential helper/store (docker-credential-desktop) does not have credentials for https://index.docker.io/v1/
2025-04-17T10:59:46.429Z  INFO 82327 --- [hhplus] [    Test worker] tc.testcontainers/ryuk:0.11.0            : Container testcontainers/ryuk:0.11.0 is starting: e6c13131b3f27602351b82a52f3866265fec693d2dc6f76131c864622f197c8e
2025-04-17T10:59:47.157Z  INFO 82327 --- [hhplus] [    Test worker] tc.testcontainers/ryuk:0.11.0            : Container testcontainers/ryuk:0.11.0 started in PT1.041009S
2025-04-17T10:59:47.171Z  INFO 82327 --- [hhplus] [    Test worker] o.t.utility.RyukResourceReaper           : Ryuk started - will monitor and terminate Testcontainers containers on JVM exit
2025-04-17T10:59:47.171Z  INFO 82327 --- [hhplus] [    Test worker] org.testcontainers.DockerClientFactory   : Checking the system...
2025-04-17T10:59:47.172Z  INFO 82327 --- [hhplus] [    Test worker] org.testcontainers.DockerClientFactory   : ✔︎ Docker server version should be at least 1.6.0
2025-04-17T10:59:47.180Z  INFO 82327 --- [hhplus] [    Test worker] tc.mysql:8.0                             : Creating container for image: mysql:8.0
2025-04-17T10:59:47.385Z  INFO 82327 --- [hhplus] [    Test worker] tc.mysql:8.0                             : Container mysql:8.0 is starting: e4d92a1fff002c64eb9016e89b405284b3a33a99a8f0960cc5aca0af1edc7794
2025-04-17T10:59:47.800Z  INFO 82327 --- [hhplus] [    Test worker] tc.mysql:8.0                             : Waiting for database connection to become available at jdbc:mysql://localhost:64982/hhplus using query 'SELECT 1'
2025-04-17T11:00:05.109Z  INFO 82327 --- [hhplus] [    Test worker] tc.mysql:8.0                             : Container mysql:8.0 started in PT17.928869S
2025-04-17T11:00:05.109Z  INFO 82327 --- [hhplus] [    Test worker] tc.mysql:8.0                             : Container is started (JDBC URL: jdbc:mysql://localhost:64982/hhplus)
2025-04-17T11:00:05.719Z  INFO 82327 --- [hhplus] [    Test worker] o.hibernate.jpa.internal.util.LogHelper  : HHH000204: Processing PersistenceUnitInfo [name: default]
2025-04-17T11:00:05.786Z  INFO 82327 --- [hhplus] [    Test worker] org.hibernate.Version                    : HHH000412: Hibernate ORM core version 6.6.4.Final
2025-04-17T11:00:05.835Z  INFO 82327 --- [hhplus] [    Test worker] o.h.c.internal.RegionFactoryInitiator    : HHH000026: Second-level cache disabled
2025-04-17T11:00:06.174Z  INFO 82327 --- [hhplus] [    Test worker] o.s.o.j.p.SpringPersistenceUnitInfo      : No LoadTimeWeaver setup: ignoring JPA class transformer
2025-04-17T11:00:06.207Z  INFO 82327 --- [hhplus] [    Test worker] com.zaxxer.hikari.HikariDataSource       : HangHaePlusDataSource - Starting...
2025-04-17T11:00:06.350Z  INFO 82327 --- [hhplus] [    Test worker] com.zaxxer.hikari.pool.HikariPool        : HangHaePlusDataSource - Added connection com.mysql.cj.jdbc.ConnectionImpl@f73a7cf
2025-04-17T11:00:06.352Z  INFO 82327 --- [hhplus] [    Test worker] com.zaxxer.hikari.HikariDataSource       : HangHaePlusDataSource - Start completed.
2025-04-17T11:00:06.388Z  WARN 82327 --- [hhplus] [    Test worker] org.hibernate.orm.deprecation            : HHH90000025: MySQL8Dialect does not need to be specified explicitly using 'hibernate.dialect' (remove the property setting and it will be selected by default)
2025-04-17T11:00:06.389Z  WARN 82327 --- [hhplus] [    Test worker] org.hibernate.orm.deprecation            : HHH90000026: MySQL8Dialect has been deprecated; use org.hibernate.dialect.MySQLDialect instead
2025-04-17T11:00:06.407Z  INFO 82327 --- [hhplus] [    Test worker] org.hibernate.orm.connections.pooling    : HHH10001005: Database info:
	Database JDBC URL [Connecting through datasource 'HikariDataSource (HangHaePlusDataSource)']
	Database driver: undefined/unknown
	Database version: 8.0
	Autocommit mode: undefined/unknown
	Isolation level: undefined/unknown
	Minimum pool size: undefined/unknown
	Maximum pool size: undefined/unknown
2025-04-17T11:00:07.556Z  INFO 82327 --- [hhplus] [    Test worker] o.h.e.t.j.p.i.JtaPlatformInitiator       : HHH000489: No JTA platform available (set 'hibernate.transaction.jta.platform' to enable JTA platform integration)
2025-04-17T11:00:08.064Z  INFO 82327 --- [hhplus] [    Test worker] j.LocalContainerEntityManagerFactoryBean : Initialized JPA EntityManagerFactory for persistence unit 'default'
2025-04-17T11:00:08.432Z  INFO 82327 --- [hhplus] [    Test worker] o.s.d.j.r.query.QueryEnhancerFactory     : Hibernate is in classpath; If applicable, HQL parser will be used.
2025-04-17T11:00:09.595Z  INFO 82327 --- [hhplus] [    Test worker] org.quartz.impl.StdSchedulerFactory      : Using default implementation for ThreadExecutor
2025-04-17T11:00:09.600Z  INFO 82327 --- [hhplus] [    Test worker] org.quartz.simpl.SimpleThreadPool        : Job execution threads will use class loader of thread: Test worker
2025-04-17T11:00:09.611Z  INFO 82327 --- [hhplus] [    Test worker] org.quartz.core.SchedulerSignalerImpl    : Initialized Scheduler Signaller of type: class org.quartz.core.SchedulerSignalerImpl
2025-04-17T11:00:09.611Z  INFO 82327 --- [hhplus] [    Test worker] org.quartz.core.QuartzScheduler          : Quartz Scheduler v.2.3.2 created.
2025-04-17T11:00:09.612Z  INFO 82327 --- [hhplus] [    Test worker] org.quartz.simpl.RAMJobStore             : RAMJobStore initialized.
2025-04-17T11:00:09.613Z  INFO 82327 --- [hhplus] [    Test worker] org.quartz.core.QuartzScheduler          : Scheduler meta-data: Quartz Scheduler (v2.3.2) 'DefaultQuartzScheduler' with instanceId 'NON_CLUSTERED'
  Scheduler class: 'org.quartz.core.QuartzScheduler' - running locally.
  NOT STARTED.
  Currently in standby mode.
  Number of jobs executed: 0
  Using thread pool 'org.quartz.simpl.SimpleThreadPool' - with 10 threads.
  Using job-store 'org.quartz.simpl.RAMJobStore' - which does not support persistence. and is not clustered.

2025-04-17T11:00:09.613Z  INFO 82327 --- [hhplus] [    Test worker] org.quartz.impl.StdSchedulerFactory      : Quartz scheduler 'DefaultQuartzScheduler' initialized from default resource file in Quartz package: 'quartz.properties'
2025-04-17T11:00:09.614Z  INFO 82327 --- [hhplus] [    Test worker] org.quartz.impl.StdSchedulerFactory      : Quartz scheduler version: 2.3.2
2025-04-17T11:00:09.614Z  INFO 82327 --- [hhplus] [    Test worker] org.quartz.core.QuartzScheduler          : Scheduler DefaultQuartzScheduler_$_NON_CLUSTERED started.
2025-04-17T11:00:10.361Z  INFO 82327 --- [hhplus] [    Test worker] o.s.v.b.OptionalValidatorFactoryBean     : Failed to set up a Bean Validation provider: jakarta.validation.NoProviderFoundException: Unable to create a Configuration, because no Jakarta Bean Validation provider could be found. Add a provider like Hibernate Validator (RI) to your classpath.
2025-04-17T11:00:11.963Z  INFO 82327 --- [hhplus] [    Test worker] org.quartz.impl.StdSchedulerFactory      : Using default implementation for ThreadExecutor
2025-04-17T11:00:11.965Z  INFO 82327 --- [hhplus] [    Test worker] org.quartz.core.SchedulerSignalerImpl    : Initialized Scheduler Signaller of type: class org.quartz.core.SchedulerSignalerImpl
2025-04-17T11:00:11.966Z  INFO 82327 --- [hhplus] [    Test worker] org.quartz.core.QuartzScheduler          : Quartz Scheduler v.2.3.2 created.
2025-04-17T11:00:11.966Z  INFO 82327 --- [hhplus] [    Test worker] org.quartz.simpl.RAMJobStore             : RAMJobStore initialized.
2025-04-17T11:00:11.966Z  INFO 82327 --- [hhplus] [    Test worker] org.quartz.core.QuartzScheduler          : Scheduler meta-data: Quartz Scheduler (v2.3.2) 'quartzScheduler' with instanceId 'NON_CLUSTERED'
  Scheduler class: 'org.quartz.core.QuartzScheduler' - running locally.
  NOT STARTED.
  Currently in standby mode.
  Number of jobs executed: 0
  Using thread pool 'org.quartz.simpl.SimpleThreadPool' - with 10 threads.
  Using job-store 'org.quartz.simpl.RAMJobStore' - which does not support persistence. and is not clustered.

2025-04-17T11:00:11.966Z  INFO 82327 --- [hhplus] [    Test worker] org.quartz.impl.StdSchedulerFactory      : Quartz scheduler 'quartzScheduler' initialized from an externally provided properties instance.
2025-04-17T11:00:11.966Z  INFO 82327 --- [hhplus] [    Test worker] org.quartz.impl.StdSchedulerFactory      : Quartz scheduler version: 2.3.2
2025-04-17T11:00:11.967Z  INFO 82327 --- [hhplus] [    Test worker] org.quartz.core.QuartzScheduler          : JobFactory set to: org.springframework.scheduling.quartz.SpringBeanJobFactory@1cae5759
2025-04-17T11:00:12.020Z  INFO 82327 --- [hhplus] [    Test worker] o.s.b.a.e.web.EndpointLinksResolver      : Exposing 1 endpoint beneath base path '/actuator'
2025-04-17T11:00:12.092Z  INFO 82327 --- [hhplus] [    Test worker] o.s.s.quartz.SchedulerFactoryBean        : Starting Quartz Scheduler now
2025-04-17T11:00:12.092Z  INFO 82327 --- [hhplus] [    Test worker] org.quartz.core.QuartzScheduler          : Scheduler quartzScheduler_$_NON_CLUSTERED started.
2025-04-17T11:00:12.111Z  INFO 82327 --- [hhplus] [    Test worker] k.h.b.s.a.coupon.CouponFacadeTest        : Started CouponFacadeTest in 28.749 seconds (process running for 30.218)
]]></system-out>
  <system-err><![CDATA[]]></system-err>
</testsuite>
