<?xml version="1.0" encoding="UTF-8"?>
<testsuite name="kr.hhplus.be.server.application.order.OrderFacadeIntegrationTest" tests="4" skipped="0" failures="0" errors="0" timestamp="2025-04-20T04:34:30" hostname="yeomseogcheon-ui-MacBookPro.local" time="0.359">
  <properties/>
  <testcase name="쿠폰을 사용하지 않고 충분한 재고가 있는 상품을 주문 시, 주문에 성공한다." classname="kr.hhplus.be.server.application.order.OrderFacadeIntegrationTest" time="0.127"/>
  <testcase name="쿠폰이 사용된 주문 취소 시, 주문의 상태가 PENDING이면 주문을 취소하고 상품 재고와 쿠폰 사용 여부를 복구한다." classname="kr.hhplus.be.server.application.order.OrderFacadeIntegrationTest" time="0.075"/>
  <testcase name="쿠폰을 사용하고 충분한 재고가 있는 상품을 주문 시, 주문에 성공한다." classname="kr.hhplus.be.server.application.order.OrderFacadeIntegrationTest" time="0.077"/>
  <testcase name="쿠폰이 사용되지 않은 주문 취소 시, 주문의 상태가 PENDING이면 주문을 취소하고 상품 재고를 복구한다." classname="kr.hhplus.be.server.application.order.OrderFacadeIntegrationTest" time="0.077"/>
  <system-out><![CDATA[2025-04-20T04:34:30.864Z  INFO 76511 --- [hhplus] [    Test worker] t.c.s.AnnotationConfigContextLoaderUtils : Could not detect default configuration classes for test class [kr.hhplus.be.server.application.order.OrderFacadeIntegrationTest]: OrderFacadeIntegrationTest does not declare any static, non-private, non-final, nested classes annotated with @Configuration.
2025-04-20T04:34:30.868Z  INFO 76511 --- [hhplus] [    Test worker] .b.t.c.SpringBootTestContextBootstrapper : Found @SpringBootConfiguration kr.hhplus.be.server.ServerApplication for test class kr.hhplus.be.server.application.order.OrderFacadeIntegrationTest
2025-04-20T04:34:30.957Z ERROR 76511 --- [hhplus] [eduler_Worker-1] org.quartz.core.JobRunShell              : Job cancelOrderJob.701d348a-15ae-4492-a0b4-16945d1847ba threw an unhandled Exception: 

java.lang.NullPointerException: Cannot invoke "org.springframework.web.context.WebApplicationContext.getBean(String)" because "appContext" is null
	at kr.hhplus.be.server.infrastructure.order.CancelOrderJob.executeInternal(CancelOrderJob.java:16) ~[main/:na]
	at org.springframework.scheduling.quartz.QuartzJobBean.execute(QuartzJobBean.java:75) ~[spring-context-support-6.2.1.jar:6.2.1]
	at org.quartz.core.JobRunShell.run(JobRunShell.java:202) ~[quartz-2.3.2.jar:na]
	at org.quartz.simpl.SimpleThreadPool$WorkerThread.run(SimpleThreadPool.java:573) ~[quartz-2.3.2.jar:na]

2025-04-20T04:34:30.965Z ERROR 76511 --- [hhplus] [eduler_Worker-1] org.quartz.core.ErrorLogger              : Job (cancelOrderJob.701d348a-15ae-4492-a0b4-16945d1847ba threw an exception.

org.quartz.SchedulerException: Job threw an unhandled exception.
	at org.quartz.core.JobRunShell.run(JobRunShell.java:213) ~[quartz-2.3.2.jar:na]
	at org.quartz.simpl.SimpleThreadPool$WorkerThread.run(SimpleThreadPool.java:573) ~[quartz-2.3.2.jar:na]
Caused by: java.lang.NullPointerException: Cannot invoke "org.springframework.web.context.WebApplicationContext.getBean(String)" because "appContext" is null
	at kr.hhplus.be.server.infrastructure.order.CancelOrderJob.executeInternal(CancelOrderJob.java:16) ~[main/:na]
	at org.springframework.scheduling.quartz.QuartzJobBean.execute(QuartzJobBean.java:75) ~[spring-context-support-6.2.1.jar:6.2.1]
	at org.quartz.core.JobRunShell.run(JobRunShell.java:202) ~[quartz-2.3.2.jar:na]
	... 1 common frames omitted

2025-04-20T04:34:31.061Z ERROR 76511 --- [hhplus] [eduler_Worker-2] org.quartz.core.JobRunShell              : Job cancelOrderJob.6b002363-77dd-467f-a47e-6104e76d2e8f threw an unhandled Exception: 

java.lang.NullPointerException: Cannot invoke "org.springframework.web.context.WebApplicationContext.getBean(String)" because "appContext" is null
	at kr.hhplus.be.server.infrastructure.order.CancelOrderJob.executeInternal(CancelOrderJob.java:16) ~[main/:na]
	at org.springframework.scheduling.quartz.QuartzJobBean.execute(QuartzJobBean.java:75) ~[spring-context-support-6.2.1.jar:6.2.1]
	at org.quartz.core.JobRunShell.run(JobRunShell.java:202) ~[quartz-2.3.2.jar:na]
	at org.quartz.simpl.SimpleThreadPool$WorkerThread.run(SimpleThreadPool.java:573) ~[quartz-2.3.2.jar:na]

2025-04-20T04:34:31.061Z ERROR 76511 --- [hhplus] [eduler_Worker-2] org.quartz.core.ErrorLogger              : Job (cancelOrderJob.6b002363-77dd-467f-a47e-6104e76d2e8f threw an exception.

org.quartz.SchedulerException: Job threw an unhandled exception.
	at org.quartz.core.JobRunShell.run(JobRunShell.java:213) ~[quartz-2.3.2.jar:na]
	at org.quartz.simpl.SimpleThreadPool$WorkerThread.run(SimpleThreadPool.java:573) ~[quartz-2.3.2.jar:na]
Caused by: java.lang.NullPointerException: Cannot invoke "org.springframework.web.context.WebApplicationContext.getBean(String)" because "appContext" is null
	at kr.hhplus.be.server.infrastructure.order.CancelOrderJob.executeInternal(CancelOrderJob.java:16) ~[main/:na]
	at org.springframework.scheduling.quartz.QuartzJobBean.execute(QuartzJobBean.java:75) ~[spring-context-support-6.2.1.jar:6.2.1]
	at org.quartz.core.JobRunShell.run(JobRunShell.java:202) ~[quartz-2.3.2.jar:na]
	... 1 common frames omitted

2025-04-20T04:34:31.138Z ERROR 76511 --- [hhplus] [eduler_Worker-3] org.quartz.core.JobRunShell              : Job cancelOrderJob.1275ed16-149e-4a80-a9d6-f34b36c82241 threw an unhandled Exception: 

java.lang.NullPointerException: Cannot invoke "org.springframework.web.context.WebApplicationContext.getBean(String)" because "appContext" is null
	at kr.hhplus.be.server.infrastructure.order.CancelOrderJob.executeInternal(CancelOrderJob.java:16) ~[main/:na]
	at org.springframework.scheduling.quartz.QuartzJobBean.execute(QuartzJobBean.java:75) ~[spring-context-support-6.2.1.jar:6.2.1]
	at org.quartz.core.JobRunShell.run(JobRunShell.java:202) ~[quartz-2.3.2.jar:na]
	at org.quartz.simpl.SimpleThreadPool$WorkerThread.run(SimpleThreadPool.java:573) ~[quartz-2.3.2.jar:na]

2025-04-20T04:34:31.138Z ERROR 76511 --- [hhplus] [eduler_Worker-3] org.quartz.core.ErrorLogger              : Job (cancelOrderJob.1275ed16-149e-4a80-a9d6-f34b36c82241 threw an exception.

org.quartz.SchedulerException: Job threw an unhandled exception.
	at org.quartz.core.JobRunShell.run(JobRunShell.java:213) ~[quartz-2.3.2.jar:na]
	at org.quartz.simpl.SimpleThreadPool$WorkerThread.run(SimpleThreadPool.java:573) ~[quartz-2.3.2.jar:na]
Caused by: java.lang.NullPointerException: Cannot invoke "org.springframework.web.context.WebApplicationContext.getBean(String)" because "appContext" is null
	at kr.hhplus.be.server.infrastructure.order.CancelOrderJob.executeInternal(CancelOrderJob.java:16) ~[main/:na]
	at org.springframework.scheduling.quartz.QuartzJobBean.execute(QuartzJobBean.java:75) ~[spring-context-support-6.2.1.jar:6.2.1]
	at org.quartz.core.JobRunShell.run(JobRunShell.java:202) ~[quartz-2.3.2.jar:na]
	... 1 common frames omitted

2025-04-20T04:34:31.205Z ERROR 76511 --- [hhplus] [eduler_Worker-4] org.quartz.core.JobRunShell              : Job cancelOrderJob.c53385ff-a2fc-4080-8e6c-b3acbb07feb6 threw an unhandled Exception: 

java.lang.NullPointerException: Cannot invoke "org.springframework.web.context.WebApplicationContext.getBean(String)" because "appContext" is null
	at kr.hhplus.be.server.infrastructure.order.CancelOrderJob.executeInternal(CancelOrderJob.java:16) ~[main/:na]
	at org.springframework.scheduling.quartz.QuartzJobBean.execute(QuartzJobBean.java:75) ~[spring-context-support-6.2.1.jar:6.2.1]
	at org.quartz.core.JobRunShell.run(JobRunShell.java:202) ~[quartz-2.3.2.jar:na]
	at org.quartz.simpl.SimpleThreadPool$WorkerThread.run(SimpleThreadPool.java:573) ~[quartz-2.3.2.jar:na]

2025-04-20T04:34:31.206Z ERROR 76511 --- [hhplus] [eduler_Worker-4] org.quartz.core.ErrorLogger              : Job (cancelOrderJob.c53385ff-a2fc-4080-8e6c-b3acbb07feb6 threw an exception.

org.quartz.SchedulerException: Job threw an unhandled exception.
	at org.quartz.core.JobRunShell.run(JobRunShell.java:213) ~[quartz-2.3.2.jar:na]
	at org.quartz.simpl.SimpleThreadPool$WorkerThread.run(SimpleThreadPool.java:573) ~[quartz-2.3.2.jar:na]
Caused by: java.lang.NullPointerException: Cannot invoke "org.springframework.web.context.WebApplicationContext.getBean(String)" because "appContext" is null
	at kr.hhplus.be.server.infrastructure.order.CancelOrderJob.executeInternal(CancelOrderJob.java:16) ~[main/:na]
	at org.springframework.scheduling.quartz.QuartzJobBean.execute(QuartzJobBean.java:75) ~[spring-context-support-6.2.1.jar:6.2.1]
	at org.quartz.core.JobRunShell.run(JobRunShell.java:202) ~[quartz-2.3.2.jar:na]
	... 1 common frames omitted

]]></system-out>
  <system-err><![CDATA[]]></system-err>
</testsuite>
