<?xml version="1.0" encoding="UTF-8"?>
<testsuite name="kr.hhplus.be.server.domain.product.ProductTest" tests="3" skipped="0" failures="0" errors="0" timestamp="2025-04-09T11:39:18" hostname="yeomseogcheon-ui-MacBookPro.local" time="0.041">
  <properties/>
  <testcase name="재고 증가시 amount만큼 재고가 증가한다." classname="kr.hhplus.be.server.domain.product.ProductTest" time="0.033"/>
  <testcase name="재고 감소시 amount만큼 재고가 감소한다." classname="kr.hhplus.be.server.domain.product.ProductTest" time="0.001"/>
  <testcase name="재고 감소시 amount가 재고보다 많으면 InsufficientStockError가 발생한다." classname="kr.hhplus.be.server.domain.product.ProductTest" time="0.003"/>
  <system-out><![CDATA[]]></system-out>
  <system-err><![CDATA[]]></system-err>
</testsuite>
