<?xml version="1.0" encoding="UTF-8"?>
<testsuite name="kr.hhplus.be.server.domain.order.OrderServiceTest" tests="1" skipped="0" failures="0" errors="0" timestamp="2025-04-09T16:58:15" hostname="yeomseogcheon-ui-MacBookPro.local" time="1.248">
  <properties/>
  <testcase name="주문 생성 시 유효한 CreateOrderCommand를 전달하면 주문과 주문 아이템을 생성하고 저장한다." classname="kr.hhplus.be.server.domain.order.OrderServiceTest" time="1.248"/>
  <system-out><![CDATA[]]></system-out>
  <system-err><![CDATA[]]></system-err>
</testsuite>
