<?xml version="1.0" encoding="UTF-8"?>
<testsuite name="kr.hhplus.be.server.domain.point.PointTest" tests="5" skipped="0" failures="0" errors="0" timestamp="2025-04-07T15:05:32" hostname="yeomseogcheon-ui-MacBookPro.local" time="0.049">
  <properties/>
  <testcase name="포인트 충전 시, 충전금액이 1_000_000이하이며, 잔고가 5_000_000을 초과하지 않으면 충전에 성공한다." classname="kr.hhplus.be.server.domain.point.PointTest" time="0.033"/>
  <testcase name="포인트 충전 시, 잔고가 5_000_000을 초과하면 ExceedMaxBalanceException이 발생한다." classname="kr.hhplus.be.server.domain.point.PointTest" time="0.003"/>
  <testcase name="포인트 사용 시, 잔고가 부족하면 InsufficientBalanceException이 발생한다." classname="kr.hhplus.be.server.domain.point.PointTest" time="0.001"/>
  <testcase name="포인트 사용 시, 잔고가 사용 금액보다 많거나 같으면 사용에 성공한다." classname="kr.hhplus.be.server.domain.point.PointTest" time="0.001"/>
  <testcase name="포인트 충전 시, 충전금액이 1_000_000을 초과하면 InvalidChargeAmountException이 발생한다." classname="kr.hhplus.be.server.domain.point.PointTest" time="0.005"/>
  <system-out><![CDATA[]]></system-out>
  <system-err><![CDATA[]]></system-err>
</testsuite>
