<?xml version="1.0" encoding="UTF-8"?>
<testsuite name="kr.hhplus.be.server.domain.coupon.GetUserCouponCommandTest" tests="2" skipped="0" failures="0" errors="0" timestamp="2025-04-20T04:34:32" hostname="yeomseogcheon-ui-MacBookPro.local" time="0.009">
  <properties/>
  <testcase name="유효한 userId로 GetUserCouponCommand를 생성하면 성공한다." classname="kr.hhplus.be.server.domain.coupon.GetUserCouponCommandTest" time="0.003"/>
  <testcase name="userId가 0 이하인 경우 GetUserCouponCommand를 생성하면 ApiException(INVALID_USER_ID)이 발생한다." classname="kr.hhplus.be.server.domain.coupon.GetUserCouponCommandTest" time="0.004"/>
  <system-out><![CDATA[]]></system-out>
  <system-err><![CDATA[]]></system-err>
</testsuite>
