<?xml version="1.0" encoding="UTF-8"?>
<testsuite name="kr.hhplus.be.server.domain.order.command.CancelOrderHandlerCommandTest" tests="3" skipped="0" failures="0" errors="0" timestamp="2025-04-12T07:29:34" hostname="yeomseogcheon-ui-MacBookPro.local" time="0.009">
  <properties/>
  <testcase name="CancelOrderHandlerCommand 생성시 주문번호가 null 또는 빈 문자열이 아니면 정상적으로 생성된다." classname="kr.hhplus.be.server.domain.order.command.CancelOrderHandlerCommandTest" time="0.002"/>
  <testcase name="CancelOrderHandlerCommand 생성시 주문번호가 빈 문자열이면 InvalidOrderIdError가 발생한다." classname="kr.hhplus.be.server.domain.order.command.CancelOrderHandlerCommandTest" time="0.003"/>
  <testcase name="CancelOrderHandlerCommand 생성시 주문번호가 null이면 InvalidOrderIdError가 발생한다." classname="kr.hhplus.be.server.domain.order.command.CancelOrderHandlerCommandTest" time="0.002"/>
  <system-out><![CDATA[]]></system-out>
  <system-err><![CDATA[]]></system-err>
</testsuite>
