<?xml version="1.0" encoding="UTF-8"?>
<testsuite name="kr.hhplus.be.server.domain.coupon.UserCouponTest" tests="5" skipped="0" failures="0" errors="0" timestamp="2025-04-10T18:47:07" hostname="yeomseogcheon-ui-MacBookPro.local" time="0.335">
  <properties/>
  <testcase name="UserCoupon 생성 시, 사용자 ID와 Coupon 객체를 전달하여 미사용 상태로 생성한다." classname="kr.hhplus.be.server.domain.coupon.UserCouponTest" time="0.289"/>
  <testcase name="쿠폰 사용 시, 만료일이 지났으면 사용에 실패한다." classname="kr.hhplus.be.server.domain.coupon.UserCouponTest" time="0.018"/>
  <testcase name="쿠폰 초기화 시, 사용 상태가 false로 초기화된다." classname="kr.hhplus.be.server.domain.coupon.UserCouponTest" time="0.006"/>
  <testcase name="쿠폰 사용 시, 이미 사용된 쿠폰이면 사용에 실패한다." classname="kr.hhplus.be.server.domain.coupon.UserCouponTest" time="0.012"/>
  <testcase name="쿠폰 사용 시, 유효한 쿠폰이면 사용에 성공하고 사용 상태로 변경된다." classname="kr.hhplus.be.server.domain.coupon.UserCouponTest" time="0.005"/>
  <system-out><![CDATA[]]></system-out>
  <system-err><![CDATA[]]></system-err>
</testsuite>
