<?xml version="1.0" encoding="UTF-8"?>
<testsuite name="kr.hhplus.be.server.application.order.OrderFacadeTest" tests="2" skipped="0" failures="0" errors="0" timestamp="2025-04-12T07:29:33" hostname="yeomseogcheon-ui-MacBookPro.local" time="0.147">
  <properties/>
  <testcase name="상품 주문 시, 재고를 차감하고 유저를 조회한 뒤 주문을 생성한다." classname="kr.hhplus.be.server.application.order.OrderFacadeTest" time="0.126"/>
  <testcase name="주문 취소 시, 주문을 취소하고 가점유했던만큼 상품의 재고를 증가시킨다." classname="kr.hhplus.be.server.application.order.OrderFacadeTest" time="0.017"/>
  <system-out><![CDATA[]]></system-out>
  <system-err><![CDATA[]]></system-err>
</testsuite>
