<?xml version="1.0" encoding="UTF-8"?>
<testsuite name="kr.hhplus.be.server.application.coupon.CouponFacadeConcurrencyTest" tests="1" skipped="0" failures="1" errors="0" timestamp="2025-04-20T04:34:28" hostname="yeomseogcheon-ui-MacBookPro.local" time="1.108">
  <properties/>
  <testcase name="여러 스레드에서 동시에 쿠폰 발급 요청 시 재고관리가 정확하게 되며, 발급되어야 한다." classname="kr.hhplus.be.server.application.coupon.CouponFacadeConcurrencyTest" time="1.108">
    <failure message="org.opentest4j.AssertionFailedError: expected: &lt;96&gt; but was: &lt;98&gt;" type="org.opentest4j.AssertionFailedError">org.opentest4j.AssertionFailedError: expected: &lt;96&gt; but was: &lt;98&gt;
	at app//org.junit.jupiter.api.AssertionFailureBuilder.build(AssertionFailureBuilder.java:151)
	at app//org.junit.jupiter.api.AssertionFailureBuilder.buildAndThrow(AssertionFailureBuilder.java:132)
	at app//org.junit.jupiter.api.AssertEquals.failNotEqual(AssertEquals.java:197)
	at app//org.junit.jupiter.api.AssertEquals.assertEquals(AssertEquals.java:150)
	at app//org.junit.jupiter.api.AssertEquals.assertEquals(AssertEquals.java:145)
	at app//org.junit.jupiter.api.Assertions.assertEquals(Assertions.java:531)
	at app//kr.hhplus.be.server.application.coupon.CouponFacadeConcurrencyTest.testConcurrentIssue(CouponFacadeConcurrencyTest.java:94)
	at java.base@17.0.11/java.lang.reflect.Method.invoke(Method.java:568)
	at java.base@17.0.11/java.util.ArrayList.forEach(ArrayList.java:1511)
	at java.base@17.0.11/java.util.ArrayList.forEach(ArrayList.java:1511)
</failure>
  </testcase>
  <system-out><![CDATA[04:33:56.958 [Test worker] INFO org.springframework.test.context.support.AnnotationConfigContextLoaderUtils -- Could not detect default configuration classes for test class [kr.hhplus.be.server.application.coupon.CouponFacadeConcurrencyTest]: CouponFacadeConcurrencyTest does not declare any static, non-private, non-final, nested classes annotated with @Configuration.
04:33:57.191 [Test worker] INFO org.springframework.boot.test.context.SpringBootTestContextBootstrapper -- Found @SpringBootConfiguration kr.hhplus.be.server.ServerApplication for test class kr.hhplus.be.server.application.coupon.CouponFacadeConcurrencyTest

  .   ____          _            __ _ _
 /\\ / ___'_ __ _ _(_)_ __  __ _ \ \ \ \
( ( )\___ | '_ | '_| | '_ \/ _` | \ \ \ \
 \\/  ___)| |_)| | | | | || (_| |  ) ) ) )
  '  |____| .__|_| |_|_| |_\__, | / / / /
 =========|_|==============|___/=/_/_/_/

 :: Spring Boot ::                (v3.4.1)

2025-04-20T04:33:57.717Z  INFO 76511 --- [hhplus] [    Test worker] k.h.b.s.a.c.CouponFacadeConcurrencyTest  : Starting CouponFacadeConcurrencyTest using Java 17.0.11 with PID 76511 (started by yeomseogcheon in /Users/yeomseogcheon/Documents/workspace/study/HangHae-TDD/server-java)
2025-04-20T04:33:57.718Z  INFO 76511 --- [hhplus] [    Test worker] k.h.b.s.a.c.CouponFacadeConcurrencyTest  : The following 1 profile is active: "local"
2025-04-20T04:33:58.727Z  INFO 76511 --- [hhplus] [    Test worker] .s.d.r.c.RepositoryConfigurationDelegate : Bootstrapping Spring Data JPA repositories in DEFAULT mode.
2025-04-20T04:33:58.813Z  INFO 76511 --- [hhplus] [    Test worker] .s.d.r.c.RepositoryConfigurationDelegate : Finished Spring Data repository scanning in 75 ms. Found 10 JPA repository interfaces.
2025-04-20T04:33:59.614Z  INFO 76511 --- [hhplus] [    Test worker] org.testcontainers.images.PullPolicy     : Image pull policy will be performed by: DefaultPullPolicy()
2025-04-20T04:33:59.620Z  INFO 76511 --- [hhplus] [    Test worker] o.t.utility.ImageNameSubstitutor         : Image name substitution will be performed by: DefaultImageNameSubstitutor (composite of 'ConfigurationFileImageNameSubstitutor' and 'PrefixingImageNameSubstitutor')
2025-04-20T04:33:59.631Z  INFO 76511 --- [hhplus] [    Test worker] org.testcontainers.DockerClientFactory   : Testcontainers version: 1.20.4
2025-04-20T04:33:59.830Z  INFO 76511 --- [hhplus] [    Test worker] o.t.d.DockerClientProviderStrategy       : Loaded org.testcontainers.dockerclient.UnixSocketClientProviderStrategy from ~/.testcontainers.properties, will try it first
2025-04-20T04:34:00.208Z  INFO 76511 --- [hhplus] [    Test worker] o.t.d.DockerClientProviderStrategy       : Found Docker environment with local Unix socket (unix:///var/run/docker.sock)
2025-04-20T04:34:00.209Z  INFO 76511 --- [hhplus] [    Test worker] org.testcontainers.DockerClientFactory   : Docker host IP address is localhost
2025-04-20T04:34:00.234Z  INFO 76511 --- [hhplus] [    Test worker] org.testcontainers.DockerClientFactory   : Connected to docker: 
  Server Version: 27.5.1
  API Version: 1.47
  Operating System: Docker Desktop
  Total Memory: 7838 MB
  Labels: 
    com.docker.desktop.address=unix:///Users/yeomseogcheon/Library/Containers/com.docker.docker/Data/docker-cli.sock
2025-04-20T04:34:00.262Z  INFO 76511 --- [hhplus] [    Test worker] tc.testcontainers/ryuk:0.11.0            : Creating container for image: testcontainers/ryuk:0.11.0
2025-04-20T04:34:00.455Z  INFO 76511 --- [hhplus] [    Test worker] o.t.utility.RegistryAuthLocator          : Credential helper/store (docker-credential-desktop) does not have credentials for https://index.docker.io/v1/
2025-04-20T04:34:00.672Z  INFO 76511 --- [hhplus] [    Test worker] tc.testcontainers/ryuk:0.11.0            : Container testcontainers/ryuk:0.11.0 is starting: 0bff75a2505c41378e02449b810c7faccc2ea419dd4648c9a466e591f7eb70ae
2025-04-20T04:34:01.149Z  INFO 76511 --- [hhplus] [    Test worker] tc.testcontainers/ryuk:0.11.0            : Container testcontainers/ryuk:0.11.0 started in PT0.886104S
2025-04-20T04:34:01.172Z  INFO 76511 --- [hhplus] [    Test worker] o.t.utility.RyukResourceReaper           : Ryuk started - will monitor and terminate Testcontainers containers on JVM exit
2025-04-20T04:34:01.172Z  INFO 76511 --- [hhplus] [    Test worker] org.testcontainers.DockerClientFactory   : Checking the system...
2025-04-20T04:34:01.173Z  INFO 76511 --- [hhplus] [    Test worker] org.testcontainers.DockerClientFactory   : ✔︎ Docker server version should be at least 1.6.0
2025-04-20T04:34:01.178Z  INFO 76511 --- [hhplus] [    Test worker] tc.mysql:8.0                             : Creating container for image: mysql:8.0
2025-04-20T04:34:01.329Z  INFO 76511 --- [hhplus] [    Test worker] tc.mysql:8.0                             : Container mysql:8.0 is starting: c9fcc3383e8162ddc8d22e9512cbebea2519a4f0fec085af71e91b7979bdfd1b
2025-04-20T04:34:01.857Z  INFO 76511 --- [hhplus] [    Test worker] tc.mysql:8.0                             : Waiting for database connection to become available at jdbc:mysql://localhost:57404/hhplus using query 'SELECT 1'
2025-04-20T04:34:18.993Z  INFO 76511 --- [hhplus] [    Test worker] tc.mysql:8.0                             : Container mysql:8.0 started in PT17.814755S
2025-04-20T04:34:18.994Z  INFO 76511 --- [hhplus] [    Test worker] tc.mysql:8.0                             : Container is started (JDBC URL: jdbc:mysql://localhost:57404/hhplus)
2025-04-20T04:34:19.802Z  INFO 76511 --- [hhplus] [    Test worker] o.hibernate.jpa.internal.util.LogHelper  : HHH000204: Processing PersistenceUnitInfo [name: default]
2025-04-20T04:34:19.864Z  INFO 76511 --- [hhplus] [    Test worker] org.hibernate.Version                    : HHH000412: Hibernate ORM core version 6.6.4.Final
2025-04-20T04:34:19.916Z  INFO 76511 --- [hhplus] [    Test worker] o.h.c.internal.RegionFactoryInitiator    : HHH000026: Second-level cache disabled
2025-04-20T04:34:20.280Z  INFO 76511 --- [hhplus] [    Test worker] o.s.o.j.p.SpringPersistenceUnitInfo      : No LoadTimeWeaver setup: ignoring JPA class transformer
2025-04-20T04:34:20.317Z  INFO 76511 --- [hhplus] [    Test worker] com.zaxxer.hikari.HikariDataSource       : HangHaePlusDataSource - Starting...
2025-04-20T04:34:20.475Z  INFO 76511 --- [hhplus] [    Test worker] com.zaxxer.hikari.pool.HikariPool        : HangHaePlusDataSource - Added connection com.mysql.cj.jdbc.ConnectionImpl@3013e1e8
2025-04-20T04:34:20.477Z  INFO 76511 --- [hhplus] [    Test worker] com.zaxxer.hikari.HikariDataSource       : HangHaePlusDataSource - Start completed.
2025-04-20T04:34:20.517Z  WARN 76511 --- [hhplus] [    Test worker] org.hibernate.orm.deprecation            : HHH90000025: MySQL8Dialect does not need to be specified explicitly using 'hibernate.dialect' (remove the property setting and it will be selected by default)
2025-04-20T04:34:20.518Z  WARN 76511 --- [hhplus] [    Test worker] org.hibernate.orm.deprecation            : HHH90000026: MySQL8Dialect has been deprecated; use org.hibernate.dialect.MySQLDialect instead
2025-04-20T04:34:20.537Z  INFO 76511 --- [hhplus] [    Test worker] org.hibernate.orm.connections.pooling    : HHH10001005: Database info:
	Database JDBC URL [Connecting through datasource 'HikariDataSource (HangHaePlusDataSource)']
	Database driver: undefined/unknown
	Database version: 8.0
	Autocommit mode: undefined/unknown
	Isolation level: undefined/unknown
	Minimum pool size: undefined/unknown
	Maximum pool size: undefined/unknown
2025-04-20T04:34:21.820Z  INFO 76511 --- [hhplus] [    Test worker] o.h.e.t.j.p.i.JtaPlatformInitiator       : HHH000489: No JTA platform available (set 'hibernate.transaction.jta.platform' to enable JTA platform integration)
2025-04-20T04:34:22.388Z  INFO 76511 --- [hhplus] [    Test worker] j.LocalContainerEntityManagerFactoryBean : Initialized JPA EntityManagerFactory for persistence unit 'default'
2025-04-20T04:34:22.769Z  INFO 76511 --- [hhplus] [    Test worker] o.s.d.j.r.query.QueryEnhancerFactory     : Hibernate is in classpath; If applicable, HQL parser will be used.
2025-04-20T04:34:24.641Z  INFO 76511 --- [hhplus] [    Test worker] org.quartz.impl.StdSchedulerFactory      : Using default implementation for ThreadExecutor
2025-04-20T04:34:24.647Z  INFO 76511 --- [hhplus] [    Test worker] org.quartz.simpl.SimpleThreadPool        : Job execution threads will use class loader of thread: Test worker
2025-04-20T04:34:24.657Z  INFO 76511 --- [hhplus] [    Test worker] org.quartz.core.SchedulerSignalerImpl    : Initialized Scheduler Signaller of type: class org.quartz.core.SchedulerSignalerImpl
2025-04-20T04:34:24.657Z  INFO 76511 --- [hhplus] [    Test worker] org.quartz.core.QuartzScheduler          : Quartz Scheduler v.2.3.2 created.
2025-04-20T04:34:24.658Z  INFO 76511 --- [hhplus] [    Test worker] org.quartz.simpl.RAMJobStore             : RAMJobStore initialized.
2025-04-20T04:34:24.659Z  INFO 76511 --- [hhplus] [    Test worker] org.quartz.core.QuartzScheduler          : Scheduler meta-data: Quartz Scheduler (v2.3.2) 'DefaultQuartzScheduler' with instanceId 'NON_CLUSTERED'
  Scheduler class: 'org.quartz.core.QuartzScheduler' - running locally.
  NOT STARTED.
  Currently in standby mode.
  Number of jobs executed: 0
  Using thread pool 'org.quartz.simpl.SimpleThreadPool' - with 10 threads.
  Using job-store 'org.quartz.simpl.RAMJobStore' - which does not support persistence. and is not clustered.

2025-04-20T04:34:24.659Z  INFO 76511 --- [hhplus] [    Test worker] org.quartz.impl.StdSchedulerFactory      : Quartz scheduler 'DefaultQuartzScheduler' initialized from default resource file in Quartz package: 'quartz.properties'
2025-04-20T04:34:24.659Z  INFO 76511 --- [hhplus] [    Test worker] org.quartz.impl.StdSchedulerFactory      : Quartz scheduler version: 2.3.2
2025-04-20T04:34:24.660Z  INFO 76511 --- [hhplus] [    Test worker] org.quartz.core.QuartzScheduler          : Scheduler DefaultQuartzScheduler_$_NON_CLUSTERED started.
2025-04-20T04:34:25.467Z  INFO 76511 --- [hhplus] [    Test worker] o.s.v.b.OptionalValidatorFactoryBean     : Failed to set up a Bean Validation provider: jakarta.validation.NoProviderFoundException: Unable to create a Configuration, because no Jakarta Bean Validation provider could be found. Add a provider like Hibernate Validator (RI) to your classpath.
2025-04-20T04:34:27.874Z  INFO 76511 --- [hhplus] [    Test worker] org.quartz.impl.StdSchedulerFactory      : Using default implementation for ThreadExecutor
2025-04-20T04:34:27.877Z  INFO 76511 --- [hhplus] [    Test worker] org.quartz.core.SchedulerSignalerImpl    : Initialized Scheduler Signaller of type: class org.quartz.core.SchedulerSignalerImpl
2025-04-20T04:34:27.877Z  INFO 76511 --- [hhplus] [    Test worker] org.quartz.core.QuartzScheduler          : Quartz Scheduler v.2.3.2 created.
2025-04-20T04:34:27.877Z  INFO 76511 --- [hhplus] [    Test worker] org.quartz.simpl.RAMJobStore             : RAMJobStore initialized.
2025-04-20T04:34:27.877Z  INFO 76511 --- [hhplus] [    Test worker] org.quartz.core.QuartzScheduler          : Scheduler meta-data: Quartz Scheduler (v2.3.2) 'quartzScheduler' with instanceId 'NON_CLUSTERED'
  Scheduler class: 'org.quartz.core.QuartzScheduler' - running locally.
  NOT STARTED.
  Currently in standby mode.
  Number of jobs executed: 0
  Using thread pool 'org.quartz.simpl.SimpleThreadPool' - with 10 threads.
  Using job-store 'org.quartz.simpl.RAMJobStore' - which does not support persistence. and is not clustered.

2025-04-20T04:34:27.877Z  INFO 76511 --- [hhplus] [    Test worker] org.quartz.impl.StdSchedulerFactory      : Quartz scheduler 'quartzScheduler' initialized from an externally provided properties instance.
2025-04-20T04:34:27.878Z  INFO 76511 --- [hhplus] [    Test worker] org.quartz.impl.StdSchedulerFactory      : Quartz scheduler version: 2.3.2
2025-04-20T04:34:27.878Z  INFO 76511 --- [hhplus] [    Test worker] org.quartz.core.QuartzScheduler          : JobFactory set to: org.springframework.scheduling.quartz.SpringBeanJobFactory@c8567c9
2025-04-20T04:34:27.936Z  INFO 76511 --- [hhplus] [    Test worker] o.s.b.a.e.web.EndpointLinksResolver      : Exposing 1 endpoint beneath base path '/actuator'
2025-04-20T04:34:28.033Z  INFO 76511 --- [hhplus] [    Test worker] o.s.s.quartz.SchedulerFactoryBean        : Starting Quartz Scheduler now
2025-04-20T04:34:28.033Z  INFO 76511 --- [hhplus] [    Test worker] org.quartz.core.QuartzScheduler          : Scheduler quartzScheduler_$_NON_CLUSTERED started.
2025-04-20T04:34:28.062Z  INFO 76511 --- [hhplus] [    Test worker] k.h.b.s.a.c.CouponFacadeConcurrencyTest  : Started CouponFacadeConcurrencyTest in 30.715 seconds (process running for 32.226)
2025-04-20T04:34:29.166Z  WARN 76511 --- [hhplus] [onPool-worker-3] o.h.engine.jdbc.spi.SqlExceptionHelper   : SQL Error: 1213, SQLState: 40001
2025-04-20T04:34:29.166Z  WARN 76511 --- [hhplus] [onPool-worker-1] o.h.engine.jdbc.spi.SqlExceptionHelper   : SQL Error: 1213, SQLState: 40001
2025-04-20T04:34:29.166Z ERROR 76511 --- [hhplus] [onPool-worker-3] o.h.engine.jdbc.spi.SqlExceptionHelper   : Deadlock found when trying to get lock; try restarting transaction
2025-04-20T04:34:29.166Z ERROR 76511 --- [hhplus] [onPool-worker-1] o.h.engine.jdbc.spi.SqlExceptionHelper   : Deadlock found when trying to get lock; try restarting transaction
]]></system-out>
  <system-err><![CDATA[org.springframework.dao.CannotAcquireLockException: could not execute statement [Deadlock found when trying to get lock; try restarting transaction] [update coupon set discount_type=?,discount_value=?,end_date=?,start_date=?,stock=?,title=?,updated_at=? where id=?]; SQL [update coupon set discount_type=?,discount_value=?,end_date=?,start_date=?,stock=?,title=?,updated_at=? where id=?]
	at org.springframework.orm.jpa.vendor.HibernateJpaDialect.convertHibernateAccessException(HibernateJpaDialect.java:283)
	at org.springframework.orm.jpa.vendor.HibernateJpaDialect.translateExceptionIfPossible(HibernateJpaDialect.java:244)
	at org.springframework.orm.jpa.JpaTransactionManager.doCommit(JpaTransactionManager.java:566)
	at org.springframework.transaction.support.AbstractPlatformTransactionManager.processCommit(AbstractPlatformTransactionManager.java:795)
	at org.springframework.transaction.support.AbstractPlatformTransactionManager.commit(AbstractPlatformTransactionManager.java:758)
	at org.springframework.transaction.interceptor.TransactionAspectSupport.commitTransactionAfterReturning(TransactionAspectSupport.java:698)
	at org.springframework.transaction.interceptor.TransactionAspectSupport.invokeWithinTransaction(TransactionAspectSupport.java:416)
	at org.springframework.transaction.interceptor.TransactionInterceptor.invoke(TransactionInterceptor.java:119)
	at org.springframework.aop.framework.ReflectiveMethodInvocation.proceed(ReflectiveMethodInvocation.java:184)
	at org.springframework.aop.framework.CglibAopProxy$DynamicAdvisedInterceptor.intercept(CglibAopProxy.java:727)
	at kr.hhplus.be.server.application.coupon.CouponFacade$$SpringCGLIB$$0.issueCoupon(<generated>)
	at kr.hhplus.be.server.application.coupon.CouponFacadeConcurrencyTest.lambda$testConcurrentIssue$2(CouponFacadeConcurrencyTest.java:77)
	at java.base/java.util.concurrent.CompletableFuture$AsyncRun.run(CompletableFuture.java:1804)
	at java.base/java.util.concurrent.CompletableFuture$AsyncRun.exec(CompletableFuture.java:1796)
	at java.base/java.util.concurrent.ForkJoinTask.doExec(ForkJoinTask.java:373)
	at java.base/java.util.concurrent.ForkJoinPool$WorkQueue.topLevelExec(ForkJoinPool.java:1182)
	at java.base/java.util.concurrent.ForkJoinPool.scan(ForkJoinPool.java:1655)
	at java.base/java.util.concurrent.ForkJoinPool.runWorker(ForkJoinPool.java:1622)
	at java.base/java.util.concurrent.ForkJoinWorkerThread.run(ForkJoinWorkerThread.java:165)
Caused by: org.hibernate.exception.LockAcquisitionException: could not execute statement [Deadlock found when trying to get lock; try restarting transaction] [update coupon set discount_type=?,discount_value=?,end_date=?,start_date=?,stock=?,title=?,updated_at=? where id=?]
	at org.hibernate.dialect.MySQLDialect.lambda$buildSQLExceptionConversionDelegate$3(MySQLDialect.java:1260)
	at org.hibernate.exception.internal.StandardSQLExceptionConverter.convert(StandardSQLExceptionConverter.java:58)
	at org.hibernate.engine.jdbc.spi.SqlExceptionHelper.convert(SqlExceptionHelper.java:108)
	at org.hibernate.engine.jdbc.internal.ResultSetReturnImpl.executeUpdate(ResultSetReturnImpl.java:197)
	at org.hibernate.engine.jdbc.mutation.internal.AbstractMutationExecutor.performNonBatchedMutation(AbstractMutationExecutor.java:134)
	at org.hibernate.engine.jdbc.mutation.internal.MutationExecutorSingleNonBatched.performNonBatchedOperations(MutationExecutorSingleNonBatched.java:55)
	at org.hibernate.engine.jdbc.mutation.internal.AbstractMutationExecutor.execute(AbstractMutationExecutor.java:55)
	at org.hibernate.persister.entity.mutation.UpdateCoordinatorStandard.doStaticUpdate(UpdateCoordinatorStandard.java:781)
	at org.hibernate.persister.entity.mutation.UpdateCoordinatorStandard.performUpdate(UpdateCoordinatorStandard.java:328)
	at org.hibernate.persister.entity.mutation.UpdateCoordinatorStandard.update(UpdateCoordinatorStandard.java:245)
	at org.hibernate.action.internal.EntityUpdateAction.execute(EntityUpdateAction.java:169)
	at org.hibernate.engine.spi.ActionQueue.executeActions(ActionQueue.java:644)
	at org.hibernate.engine.spi.ActionQueue.executeActions(ActionQueue.java:511)
	at org.hibernate.event.internal.AbstractFlushingEventListener.performExecutions(AbstractFlushingEventListener.java:414)
	at org.hibernate.event.internal.DefaultFlushEventListener.onFlush(DefaultFlushEventListener.java:41)
	at org.hibernate.event.service.internal.EventListenerGroupImpl.fireEventOnEachListener(EventListenerGroupImpl.java:127)
	at org.hibernate.internal.SessionImpl.doFlush(SessionImpl.java:1429)
	at org.hibernate.internal.SessionImpl.managedFlush(SessionImpl.java:491)
	at org.hibernate.internal.SessionImpl.flushBeforeTransactionCompletion(SessionImpl.java:2354)
	at org.hibernate.internal.SessionImpl.beforeTransactionCompletion(SessionImpl.java:1978)
	at org.hibernate.engine.jdbc.internal.JdbcCoordinatorImpl.beforeTransactionCompletion(JdbcCoordinatorImpl.java:439)
	at org.hibernate.resource.transaction.backend.jdbc.internal.JdbcResourceLocalTransactionCoordinatorImpl.beforeCompletionCallback(JdbcResourceLocalTransactionCoordinatorImpl.java:169)
	at org.hibernate.resource.transaction.backend.jdbc.internal.JdbcResourceLocalTransactionCoordinatorImpl$TransactionDriverControlImpl.commit(JdbcResourceLocalTransactionCoordinatorImpl.java:267)
	at org.hibernate.engine.transaction.internal.TransactionImpl.commit(TransactionImpl.java:101)
	at org.springframework.orm.jpa.JpaTransactionManager.doCommit(JpaTransactionManager.java:562)
	... 16 more
Caused by: com.mysql.cj.jdbc.exceptions.MySQLTransactionRollbackException: Deadlock found when trying to get lock; try restarting transaction
	at com.mysql.cj.jdbc.exceptions.SQLError.createSQLException(SQLError.java:115)
	at com.mysql.cj.jdbc.exceptions.SQLExceptionsMapping.translateException(SQLExceptionsMapping.java:114)
	at com.mysql.cj.jdbc.ClientPreparedStatement.executeInternal(ClientPreparedStatement.java:988)
	at com.mysql.cj.jdbc.ClientPreparedStatement.executeUpdateInternal(ClientPreparedStatement.java:1166)
	at com.mysql.cj.jdbc.ClientPreparedStatement.executeUpdateInternal(ClientPreparedStatement.java:1101)
	at com.mysql.cj.jdbc.ClientPreparedStatement.executeLargeUpdate(ClientPreparedStatement.java:1467)
	at com.mysql.cj.jdbc.ClientPreparedStatement.executeUpdate(ClientPreparedStatement.java:1084)
	at com.zaxxer.hikari.pool.ProxyPreparedStatement.executeUpdate(ProxyPreparedStatement.java:61)
	at com.zaxxer.hikari.pool.HikariProxyPreparedStatement.executeUpdate(HikariProxyPreparedStatement.java)
	at org.hibernate.engine.jdbc.internal.ResultSetReturnImpl.executeUpdate(ResultSetReturnImpl.java:194)
	... 37 more
org.springframework.dao.CannotAcquireLockException: could not execute statement [Deadlock found when trying to get lock; try restarting transaction] [update coupon set discount_type=?,discount_value=?,end_date=?,start_date=?,stock=?,title=?,updated_at=? where id=?]; SQL [update coupon set discount_type=?,discount_value=?,end_date=?,start_date=?,stock=?,title=?,updated_at=? where id=?]
	at org.springframework.orm.jpa.vendor.HibernateJpaDialect.convertHibernateAccessException(HibernateJpaDialect.java:283)
	at org.springframework.orm.jpa.vendor.HibernateJpaDialect.translateExceptionIfPossible(HibernateJpaDialect.java:244)
	at org.springframework.orm.jpa.JpaTransactionManager.doCommit(JpaTransactionManager.java:566)
	at org.springframework.transaction.support.AbstractPlatformTransactionManager.processCommit(AbstractPlatformTransactionManager.java:795)
	at org.springframework.transaction.support.AbstractPlatformTransactionManager.commit(AbstractPlatformTransactionManager.java:758)
	at org.springframework.transaction.interceptor.TransactionAspectSupport.commitTransactionAfterReturning(TransactionAspectSupport.java:698)
	at org.springframework.transaction.interceptor.TransactionAspectSupport.invokeWithinTransaction(TransactionAspectSupport.java:416)
	at org.springframework.transaction.interceptor.TransactionInterceptor.invoke(TransactionInterceptor.java:119)
	at org.springframework.aop.framework.ReflectiveMethodInvocation.proceed(ReflectiveMethodInvocation.java:184)
	at org.springframework.aop.framework.CglibAopProxy$DynamicAdvisedInterceptor.intercept(CglibAopProxy.java:727)
	at kr.hhplus.be.server.application.coupon.CouponFacade$$SpringCGLIB$$0.issueCoupon(<generated>)
	at kr.hhplus.be.server.application.coupon.CouponFacadeConcurrencyTest.lambda$testConcurrentIssue$0(CouponFacadeConcurrencyTest.java:63)
	at java.base/java.util.concurrent.CompletableFuture$AsyncRun.run(CompletableFuture.java:1804)
	at java.base/java.util.concurrent.CompletableFuture$AsyncRun.exec(CompletableFuture.java:1796)
	at java.base/java.util.concurrent.ForkJoinTask.doExec(ForkJoinTask.java:373)
	at java.base/java.util.concurrent.ForkJoinPool$WorkQueue.topLevelExec(ForkJoinPool.java:1182)
	at java.base/java.util.concurrent.ForkJoinPool.scan(ForkJoinPool.java:1655)
	at java.base/java.util.concurrent.ForkJoinPool.runWorker(ForkJoinPool.java:1622)
	at java.base/java.util.concurrent.ForkJoinWorkerThread.run(ForkJoinWorkerThread.java:165)
Caused by: org.hibernate.exception.LockAcquisitionException: could not execute statement [Deadlock found when trying to get lock; try restarting transaction] [update coupon set discount_type=?,discount_value=?,end_date=?,start_date=?,stock=?,title=?,updated_at=? where id=?]
	at org.hibernate.dialect.MySQLDialect.lambda$buildSQLExceptionConversionDelegate$3(MySQLDialect.java:1260)
	at org.hibernate.exception.internal.StandardSQLExceptionConverter.convert(StandardSQLExceptionConverter.java:58)
	at org.hibernate.engine.jdbc.spi.SqlExceptionHelper.convert(SqlExceptionHelper.java:108)
	at org.hibernate.engine.jdbc.internal.ResultSetReturnImpl.executeUpdate(ResultSetReturnImpl.java:197)
	at org.hibernate.engine.jdbc.mutation.internal.AbstractMutationExecutor.performNonBatchedMutation(AbstractMutationExecutor.java:134)
	at org.hibernate.engine.jdbc.mutation.internal.MutationExecutorSingleNonBatched.performNonBatchedOperations(MutationExecutorSingleNonBatched.java:55)
	at org.hibernate.engine.jdbc.mutation.internal.AbstractMutationExecutor.execute(AbstractMutationExecutor.java:55)
	at org.hibernate.persister.entity.mutation.UpdateCoordinatorStandard.doStaticUpdate(UpdateCoordinatorStandard.java:781)
	at org.hibernate.persister.entity.mutation.UpdateCoordinatorStandard.performUpdate(UpdateCoordinatorStandard.java:328)
	at org.hibernate.persister.entity.mutation.UpdateCoordinatorStandard.update(UpdateCoordinatorStandard.java:245)
	at org.hibernate.action.internal.EntityUpdateAction.execute(EntityUpdateAction.java:169)
	at org.hibernate.engine.spi.ActionQueue.executeActions(ActionQueue.java:644)
	at org.hibernate.engine.spi.ActionQueue.executeActions(ActionQueue.java:511)
	at org.hibernate.event.internal.AbstractFlushingEventListener.performExecutions(AbstractFlushingEventListener.java:414)
	at org.hibernate.event.internal.DefaultFlushEventListener.onFlush(DefaultFlushEventListener.java:41)
	at org.hibernate.event.service.internal.EventListenerGroupImpl.fireEventOnEachListener(EventListenerGroupImpl.java:127)
	at org.hibernate.internal.SessionImpl.doFlush(SessionImpl.java:1429)
	at org.hibernate.internal.SessionImpl.managedFlush(SessionImpl.java:491)
	at org.hibernate.internal.SessionImpl.flushBeforeTransactionCompletion(SessionImpl.java:2354)
	at org.hibernate.internal.SessionImpl.beforeTransactionCompletion(SessionImpl.java:1978)
	at org.hibernate.engine.jdbc.internal.JdbcCoordinatorImpl.beforeTransactionCompletion(JdbcCoordinatorImpl.java:439)
	at org.hibernate.resource.transaction.backend.jdbc.internal.JdbcResourceLocalTransactionCoordinatorImpl.beforeCompletionCallback(JdbcResourceLocalTransactionCoordinatorImpl.java:169)
	at org.hibernate.resource.transaction.backend.jdbc.internal.JdbcResourceLocalTransactionCoordinatorImpl$TransactionDriverControlImpl.commit(JdbcResourceLocalTransactionCoordinatorImpl.java:267)
	at org.hibernate.engine.transaction.internal.TransactionImpl.commit(TransactionImpl.java:101)
	at org.springframework.orm.jpa.JpaTransactionManager.doCommit(JpaTransactionManager.java:562)
	... 16 more
Caused by: com.mysql.cj.jdbc.exceptions.MySQLTransactionRollbackException: Deadlock found when trying to get lock; try restarting transaction
	at com.mysql.cj.jdbc.exceptions.SQLError.createSQLException(SQLError.java:115)
	at com.mysql.cj.jdbc.exceptions.SQLExceptionsMapping.translateException(SQLExceptionsMapping.java:114)
	at com.mysql.cj.jdbc.ClientPreparedStatement.executeInternal(ClientPreparedStatement.java:988)
	at com.mysql.cj.jdbc.ClientPreparedStatement.executeUpdateInternal(ClientPreparedStatement.java:1166)
	at com.mysql.cj.jdbc.ClientPreparedStatement.executeUpdateInternal(ClientPreparedStatement.java:1101)
	at com.mysql.cj.jdbc.ClientPreparedStatement.executeLargeUpdate(ClientPreparedStatement.java:1467)
	at com.mysql.cj.jdbc.ClientPreparedStatement.executeUpdate(ClientPreparedStatement.java:1084)
	at com.zaxxer.hikari.pool.ProxyPreparedStatement.executeUpdate(ProxyPreparedStatement.java:61)
	at com.zaxxer.hikari.pool.HikariProxyPreparedStatement.executeUpdate(HikariProxyPreparedStatement.java)
	at org.hibernate.engine.jdbc.internal.ResultSetReturnImpl.executeUpdate(ResultSetReturnImpl.java:194)
	... 37 more
]]></system-err>
</testsuite>
