<?xml version="1.0" encoding="UTF-8"?>
<testsuite name="kr.hhplus.be.server.domain.coupon.CouponServiceTest" tests="8" skipped="0" failures="0" errors="0" timestamp="2025-04-12T07:29:34" hostname="yeomseogcheon-ui-MacBookPro.local" time="0.161">
  <properties/>
  <testcase name="쿠폰 사용 취소 시, 쿠폰이 존재하지 않으면 CouponNotExistsError 예외가 발생한다." classname="kr.hhplus.be.server.domain.coupon.CouponServiceTest" time="0.06"/>
  <testcase name="쿠폰 발급 시, 쿠폰이 존재하지 않으면 CouponNotExistsError 예외가 발생한다." classname="kr.hhplus.be.server.domain.coupon.CouponServiceTest" time="0.004"/>
  <testcase name="사용자 쿠폰 사용 시, 쿠폰이 존재하면 사용한다." classname="kr.hhplus.be.server.domain.coupon.CouponServiceTest" time="0.032"/>
  <testcase name="쿠폰 발급 시, 유효한 요청이면 정상적으로 쿠폰이 발급된다." classname="kr.hhplus.be.server.domain.coupon.CouponServiceTest" time="0.015"/>
  <testcase name="쿠폰 발급 시, 이미 발급받은 쿠폰이면 AlreadyIssuedCouponError 예외가 발생한다." classname="kr.hhplus.be.server.domain.coupon.CouponServiceTest" time="0.007"/>
  <testcase name="사용자 쿠폰 사용 시, 쿠폰이 존재하지 않으면 CouponNotExistsError 예외가 발생한다." classname="kr.hhplus.be.server.domain.coupon.CouponServiceTest" time="0.006"/>
  <testcase name="쿠폰 사용 취소 시, 쿠폰이 존재하면 사용 취소한다." classname="kr.hhplus.be.server.domain.coupon.CouponServiceTest" time="0.011"/>
  <testcase name="사용자 쿠폰 조회 시, 사용자 ID로 쿠폰 목록을 조회한다." classname="kr.hhplus.be.server.domain.coupon.CouponServiceTest" time="0.016"/>
  <system-out><![CDATA[]]></system-out>
  <system-err><![CDATA[]]></system-err>
</testsuite>
