<?xml version="1.0" encoding="UTF-8"?>
<testsuite name="kr.hhplus.be.server.domain.point.command.GetUserPointCommandTest" tests="2" skipped="0" failures="0" errors="0" timestamp="2025-04-12T07:29:35" hostname="yeomseogcheon-ui-MacBookPro.local" time="0.005">
  <properties/>
  <testcase name="GetUserPointCommand 생성 시, 사용자 ID가 0보다 작거나 같으면 InvalidUserIdError가 발생한다." classname="kr.hhplus.be.server.domain.point.command.GetUserPointCommandTest" time="0.004"/>
  <testcase name="GetUserPointCommand 생성 시, 사용자 ID가 0보다 크면 생성에 성공한다." classname="kr.hhplus.be.server.domain.point.command.GetUserPointCommandTest" time="0.001"/>
  <system-out><![CDATA[]]></system-out>
  <system-err><![CDATA[]]></system-err>
</testsuite>
