<?xml version="1.0" encoding="UTF-8"?>
<testsuite name="kr.hhplus.be.server.domain.point.PointServiceTest" tests="2" skipped="0" failures="0" errors="0" timestamp="2025-04-08T14:58:57" hostname="yeomseogcheon-ui-MacBookPro.local" time="2.845">
  <properties/>
  <testcase name="포인트 충전 시, 포인트를 충전하고 포인트와 충전이력을 저장한다." classname="kr.hhplus.be.server.domain.point.PointServiceTest" time="2.829"/>
  <testcase name="포인트 충전 시, 포인트 정보가 존재하지 않으면 PointNotExistError를 발생시킨다." classname="kr.hhplus.be.server.domain.point.PointServiceTest" time="0.014"/>
  <system-out><![CDATA[]]></system-out>
  <system-err><![CDATA[]]></system-err>
</testsuite>
