<?xml version="1.0" encoding="UTF-8"?>
<testsuite name="kr.hhplus.be.server.application.payment.PayCommandTest" tests="3" skipped="0" failures="0" errors="0" timestamp="2025-04-10T16:13:53" hostname="yeomseogcheon-ui-MacBookPro.local" time="0.033">
  <properties/>
  <testcase name="PayCommand 객체 생성 시, 주문 ID가 빈 문자열이면 InvalidOrderIdError 예외를 던진다." classname="kr.hhplus.be.server.application.payment.PayCommandTest" time="0.026"/>
  <testcase name="PayCommand 객체 생성 시, 주문 ID가 null이면 InvalidOrderIdError 예외를 던진다." classname="kr.hhplus.be.server.application.payment.PayCommandTest" time="0.002"/>
  <testcase name="PayCommand 객체 생성 시, 주문 ID가 null이거나 빈 문자열이 아니면 PayCommand 객체를 생성한다." classname="kr.hhplus.be.server.application.payment.PayCommandTest" time="0.002"/>
  <system-out><![CDATA[]]></system-out>
  <system-err><![CDATA[]]></system-err>
</testsuite>
