<?xml version="1.0" encoding="UTF-8"?>
<testsuite name="kr.hhplus.be.server.domain.point.PointServiceTest" tests="2" skipped="0" failures="0" errors="0" timestamp="2025-04-07T11:53:58" hostname="yeomseogcheon-ui-MacBookPro.local" time="1.455">
  <properties/>
  <testcase name="포인트 조회 시, 유효한 사용자의 ID로 생성된 포인트 정보가 존재하지 않으면 Optional.empty를 반환한다." classname="kr.hhplus.be.server.domain.point.PointServiceTest" time="1.447"/>
  <testcase name="포인트 조회 시, 유효한 사용자 ID를 받으면 사용자 포인트 잔고를 반환한다." classname="kr.hhplus.be.server.domain.point.PointServiceTest" time="0.006"/>
  <system-out><![CDATA[]]></system-out>
  <system-err><![CDATA[]]></system-err>
</testsuite>
