<?xml version="1.0" encoding="UTF-8"?>
<testsuite name="kr.hhplus.be.server.domain.point.command.UsePointCommandTest" tests="3" skipped="0" failures="0" errors="0" timestamp="2025-04-12T07:29:35" hostname="yeomseogcheon-ui-MacBookPro.local" time="0.006">
  <properties/>
  <testcase name="UsePointCommand 생성 시, userId가 0보다 작거나 같으면 InvalidUserIdError 발생한다." classname="kr.hhplus.be.server.domain.point.command.UsePointCommandTest" time="0.001"/>
  <testcase name="UsePointCommand 생성 시, amount가 0보다 작거나 같으면 InvalidAmountError가 발생한다." classname="kr.hhplus.be.server.domain.point.command.UsePointCommandTest" time="0.002"/>
  <testcase name="UsePointCommand 생성 시, userId와 amount가 0보다 크면 성공한다." classname="kr.hhplus.be.server.domain.point.command.UsePointCommandTest" time="0.001"/>
  <system-out><![CDATA[]]></system-out>
  <system-err><![CDATA[]]></system-err>
</testsuite>
