<?xml version="1.0" encoding="UTF-8"?>
<testsuite name="kr.hhplus.be.server.application.coupon.IssueCouponCommandTest" tests="3" skipped="0" failures="0" errors="0" timestamp="2025-04-20T04:06:08" hostname="yeomseogcheon-ui-MacBookPro.local" time="0.006">
  <properties/>
  <testcase name="couponId가 0 이하인 경우 IssueCouponCommand를 생성하면 ApiException(INVALID_COUPON_ID)이 발생한다." classname="kr.hhplus.be.server.application.coupon.IssueCouponCommandTest" time="0.003"/>
  <testcase name="userId가 0 이하인 경우 IssueCouponCommand를 생성하면 ApiException(INVALID_USER_ID)이 발생한다." classname="kr.hhplus.be.server.application.coupon.IssueCouponCommandTest" time="0.001"/>
  <testcase name="유효한 userId와 couponId로 IssueCouponCommand를 생성하면 성공한다." classname="kr.hhplus.be.server.application.coupon.IssueCouponCommandTest" time="0.0"/>
  <system-out><![CDATA[]]></system-out>
  <system-err><![CDATA[]]></system-err>
</testsuite>
