<?xml version="1.0" encoding="UTF-8"?>
<testsuite name="kr.hhplus.be.server.domain.point.PointServiceTest" tests="4" skipped="0" failures="0" errors="0" timestamp="2025-04-13T06:18:22" hostname="yeomseogcheon-ui-MacBookPro.local" time="1.683">
  <properties/>
  <testcase name="null 허용 포인트 조회 시, 포인트가 존재하면 포인트 정보를 반환한다." classname="kr.hhplus.be.server.domain.point.PointServiceTest" time="1.648"/>
  <testcase name="포인트 조회 시, 포인트가 존재하면 포인트 정보를 반환한다." classname="kr.hhplus.be.server.domain.point.PointServiceTest" time="0.012"/>
  <testcase name="null 허용 포인트 조회 시, 포인트가 존재하지 않으면 Optional.empty()를 반환한다." classname="kr.hhplus.be.server.domain.point.PointServiceTest" time="0.004"/>
  <testcase name="포인트 조회 시, 포인트가 존재하지 않으면 ApiException(POINT_NOT_FOUND)을 발생시킨다." classname="kr.hhplus.be.server.domain.point.PointServiceTest" time="0.01"/>
  <system-out><![CDATA[]]></system-out>
  <system-err><![CDATA[]]></system-err>
</testsuite>
