<?xml version="1.0" encoding="UTF-8"?>
<testsuite name="kr.hhplus.be.server.domain.user.UserServiceTest" tests="2" skipped="0" failures="0" errors="0" timestamp="2025-04-12T07:29:35" hostname="yeomseogcheon-ui-MacBookPro.local" time="0.055">
  <properties/>
  <testcase name="사용자 조회시 사용자가 존재하지 않으면 UserNotExistError가 발생한다." classname="kr.hhplus.be.server.domain.user.UserServiceTest" time="0.047"/>
  <testcase name="사용자 조회 시 사용자가 존재하면 정상적으로 사용자 정보를 가져온다." classname="kr.hhplus.be.server.domain.user.UserServiceTest" time="0.007"/>
  <system-out><![CDATA[]]></system-out>
  <system-err><![CDATA[]]></system-err>
</testsuite>
